{"C:\\Users\\biswa\\OneDrive\\Desktop\\KoinX-Assignment\\src\\app.js": {"path":"C:\\Users\\biswa\\OneDrive\\Desktop\\KoinX-Assignment\\src\\app.js","statementMap":{"0":{"start":{"line":1,"column":16},"end":{"line":1,"column":34}},"1":{"start":{"line":2,"column":15},"end":{"line":2,"column":32}},"2":{"start":{"line":3,"column":13},"end":{"line":3,"column":28}},"3":{"start":{"line":4,"column":20},"end":{"line":4,"column":42}},"4":{"start":{"line":5,"column":41},"end":{"line":5,"column":82}},"5":{"start":{"line":6,"column":15},"end":{"line":6,"column":57}},"6":{"start":{"line":7,"column":15},"end":{"line":7,"column":37}},"7":{"start":{"line":8,"column":17},"end":{"line":8,"column":44}},"8":{"start":{"line":10,"column":12},"end":{"line":10,"column":21}},"9":{"start":{"line":12,"column":0},"end":{"line":15,"column":1}},"10":{"start":{"line":13,"column":2},"end":{"line":13,"column":33}},"11":{"start":{"line":14,"column":2},"end":{"line":14,"column":31}},"12":{"start":{"line":18,"column":0},"end":{"line":18,"column":18}},"13":{"start":{"line":21,"column":0},"end":{"line":21,"column":24}},"14":{"start":{"line":24,"column":0},"end":{"line":24,"column":48}},"15":{"start":{"line":27,"column":0},"end":{"line":27,"column":23}},"16":{"start":{"line":30,"column":0},"end":{"line":30,"column":16}},"17":{"start":{"line":34,"column":0},"end":{"line":34,"column":27}},"18":{"start":{"line":37,"column":0},"end":{"line":39,"column":3}},"19":{"start":{"line":38,"column":2},"end":{"line":38,"column":104}},"20":{"start":{"line":42,"column":0},"end":{"line":44,"column":3}},"21":{"start":{"line":43,"column":2},"end":{"line":43,"column":39}},"22":{"start":{"line":47,"column":0},"end":{"line":47,"column":24}},"23":{"start":{"line":50,"column":0},"end":{"line":50,"column":22}},"24":{"start":{"line":52,"column":0},"end":{"line":52,"column":21}}},"fnMap":{"0":{"name":"(anonymous_0)","decl":{"start":{"line":37,"column":13},"end":{"line":37,"column":14}},"loc":{"start":{"line":37,"column":27},"end":{"line":39,"column":1}},"line":37},"1":{"name":"(anonymous_1)","decl":{"start":{"line":42,"column":8},"end":{"line":42,"column":9}},"loc":{"start":{"line":42,"column":28},"end":{"line":44,"column":1}},"line":42}},"branchMap":{"0":{"loc":{"start":{"line":12,"column":0},"end":{"line":15,"column":1}},"type":"if","locations":[{"start":{"line":12,"column":0},"end":{"line":15,"column":1}},{"start":{},"end":{}}],"line":12}},"s":{"0":1,"1":1,"2":1,"3":1,"4":1,"5":1,"6":1,"7":1,"8":1,"9":1,"10":0,"11":0,"12":1,"13":1,"14":1,"15":1,"16":1,"17":1,"18":1,"19":0,"20":1,"21":0,"22":1,"23":1,"24":1},"f":{"0":0,"1":0},"b":{"0":[0,1]},"_coverageSchema":"1a1c01bbd47fc00a2c39e90264f33305004495a9","hash":"8b8385bc6cfe5202c814b0d06e552c4350596f6a"}
,"C:\\Users\\biswa\\OneDrive\\Desktop\\KoinX-Assignment\\src\\config\\reconciliation.config.js": {"path":"C:\\Users\\biswa\\OneDrive\\Desktop\\KoinX-Assignment\\src\\config\\reconciliation.config.js","statementMap":{"0":{"start":{"line":1,"column":12},"end":{"line":1,"column":26}},"1":{"start":{"line":3,"column":22},"end":{"line":11,"column":12}},"2":{"start":{"line":13,"column":34},"end":{"line":13,"column":105}},"3":{"start":{"line":15,"column":0},"end":{"line":17,"column":1}},"4":{"start":{"line":16,"column":2},"end":{"line":16,"column":63}},"5":{"start":{"line":19,"column":21},"end":{"line":25,"column":1}},"6":{"start":{"line":27,"column":23},"end":{"line":33,"column":2}},"7":{"start":{"line":39,"column":24},"end":{"line":46,"column":1}},"8":{"start":{"line":40,"column":27},"end":{"line":40,"column":68}},"9":{"start":{"line":41,"column":2},"end":{"line":43,"column":3}},"10":{"start":{"line":42,"column":4},"end":{"line":42,"column":83}},"11":{"start":{"line":45,"column":2},"end":{"line":45,"column":39}},"12":{"start":{"line":48,"column":0},"end":{"line":51,"column":2}}},"fnMap":{"0":{"name":"(anonymous_0)","decl":{"start":{"line":39,"column":24},"end":{"line":39,"column":25}},"loc":{"start":{"line":39,"column":51},"end":{"line":46,"column":1}},"line":39}},"branchMap":{"0":{"loc":{"start":{"line":15,"column":0},"end":{"line":17,"column":1}},"type":"if","locations":[{"start":{"line":15,"column":0},"end":{"line":17,"column":1}},{"start":{},"end":{}}],"line":15},"1":{"loc":{"start":{"line":39,"column":25},"end":{"line":39,"column":46}},"type":"default-arg","locations":[{"start":{"line":39,"column":44},"end":{"line":39,"column":46}}],"line":39},"2":{"loc":{"start":{"line":41,"column":2},"end":{"line":43,"column":3}},"type":"if","locations":[{"start":{"line":41,"column":2},"end":{"line":43,"column":3}},{"start":{},"end":{}}],"line":41}},"s":{"0":1,"1":1,"2":1,"3":1,"4":0,"5":1,"6":1,"7":1,"8":2,"9":2,"10":1,"11":1,"12":1},"f":{"0":2},"b":{"0":[0,1],"1":[0],"2":[1,1]},"_coverageSchema":"1a1c01bbd47fc00a2c39e90264f33305004495a9","hash":"cd48eeaeea6a8b48e260c892c3c9b027af11b281"}
,"C:\\Users\\biswa\\OneDrive\\Desktop\\KoinX-Assignment\\src\\controllers\\dataQuality.controller.js": {"path":"C:\\Users\\biswa\\OneDrive\\Desktop\\KoinX-Assignment\\src\\controllers\\dataQuality.controller.js","statementMap":{"0":{"start":{"line":1,"column":21},"end":{"line":1,"column":53}},"1":{"start":{"line":2,"column":25},"end":{"line":2,"column":56}},"2":{"start":{"line":3,"column":27},"end":{"line":3,"column":69}},"3":{"start":{"line":8,"column":18},"end":{"line":16,"column":2}},"4":{"start":{"line":10,"column":63},"end":{"line":10,"column":72}},"5":{"start":{"line":11,"column":16},"end":{"line":11,"column":68}},"6":{"start":{"line":13,"column":15},"end":{"line":13,"column":72}},"7":{"start":{"line":15,"column":2},"end":{"line":15,"column":84}},"8":{"start":{"line":21,"column":26},"end":{"line":25,"column":2}},"9":{"start":{"line":22,"column":20},"end":{"line":22,"column":29}},"10":{"start":{"line":23,"column":18},"end":{"line":23,"column":67}},"11":{"start":{"line":24,"column":2},"end":{"line":24,"column":88}},"12":{"start":{"line":27,"column":0},"end":{"line":30,"column":2}}},"fnMap":{"0":{"name":"(anonymous_0)","decl":{"start":{"line":8,"column":31},"end":{"line":8,"column":32}},"loc":{"start":{"line":8,"column":51},"end":{"line":16,"column":1}},"line":8},"1":{"name":"(anonymous_1)","decl":{"start":{"line":21,"column":39},"end":{"line":21,"column":40}},"loc":{"start":{"line":21,"column":59},"end":{"line":25,"column":1}},"line":21}},"branchMap":{},"s":{"0":1,"1":1,"2":1,"3":1,"4":0,"5":0,"6":0,"7":0,"8":1,"9":0,"10":0,"11":0,"12":1},"f":{"0":0,"1":0},"b":{},"_coverageSchema":"1a1c01bbd47fc00a2c39e90264f33305004495a9","hash":"fb012cc07ccfe3bff765cbd07a7acf33983744f9"}
,"C:\\Users\\biswa\\OneDrive\\Desktop\\KoinX-Assignment\\src\\controllers\\health.controller.js": {"path":"C:\\Users\\biswa\\OneDrive\\Desktop\\KoinX-Assignment\\src\\controllers\\health.controller.js","statementMap":{"0":{"start":{"line":1,"column":21},"end":{"line":1,"column":53}},"1":{"start":{"line":2,"column":25},"end":{"line":2,"column":56}},"2":{"start":{"line":4,"column":20},"end":{"line":11,"column":2}},"3":{"start":{"line":5,"column":21},"end":{"line":9,"column":3}},"4":{"start":{"line":10,"column":2},"end":{"line":10,"column":65}},"5":{"start":{"line":13,"column":0},"end":{"line":15,"column":2}}},"fnMap":{"0":{"name":"(anonymous_0)","decl":{"start":{"line":4,"column":33},"end":{"line":4,"column":34}},"loc":{"start":{"line":4,"column":53},"end":{"line":11,"column":1}},"line":4}},"branchMap":{},"s":{"0":1,"1":1,"2":1,"3":0,"4":0,"5":1},"f":{"0":0},"b":{},"_coverageSchema":"1a1c01bbd47fc00a2c39e90264f33305004495a9","hash":"34c46283d246087f72be5cdfe3b33c992e5fa853"}
,"C:\\Users\\biswa\\OneDrive\\Desktop\\KoinX-Assignment\\src\\controllers\\reconcile.controller.js": {"path":"C:\\Users\\biswa\\OneDrive\\Desktop\\KoinX-Assignment\\src\\controllers\\reconcile.controller.js","statementMap":{"0":{"start":{"line":1,"column":21},"end":{"line":1,"column":53}},"1":{"start":{"line":2,"column":25},"end":{"line":2,"column":56}},"2":{"start":{"line":3,"column":17},"end":{"line":3,"column":45}},"3":{"start":{"line":4,"column":30},"end":{"line":4,"column":75}},"4":{"start":{"line":5,"column":28},"end":{"line":5,"column":70}},"5":{"start":{"line":7,"column":18},"end":{"line":20,"column":2}},"6":{"start":{"line":8,"column":52},"end":{"line":8,"column":60}},"7":{"start":{"line":11,"column":2},"end":{"line":15,"column":3}},"8":{"start":{"line":12,"column":4},"end":{"line":12,"column":40}},"9":{"start":{"line":14,"column":4},"end":{"line":14,"column":43}},"10":{"start":{"line":17,"column":17},"end":{"line":17,"column":83}},"11":{"start":{"line":19,"column":2},"end":{"line":19,"column":81}},"12":{"start":{"line":22,"column":0},"end":{"line":24,"column":2}}},"fnMap":{"0":{"name":"(anonymous_0)","decl":{"start":{"line":7,"column":31},"end":{"line":7,"column":32}},"loc":{"start":{"line":7,"column":51},"end":{"line":20,"column":1}},"line":7}},"branchMap":{"0":{"loc":{"start":{"line":8,"column":10},"end":{"line":8,"column":33}},"type":"default-arg","locations":[{"start":{"line":8,"column":20},"end":{"line":8,"column":33}}],"line":8}},"s":{"0":1,"1":1,"2":1,"3":1,"4":1,"5":1,"6":2,"7":2,"8":2,"9":1,"10":1,"11":1,"12":1},"f":{"0":2},"b":{"0":[0]},"_coverageSchema":"1a1c01bbd47fc00a2c39e90264f33305004495a9","hash":"c4e83218e7a4db9ddfa2d57388b26260aba916be"}
,"C:\\Users\\biswa\\OneDrive\\Desktop\\KoinX-Assignment\\src\\controllers\\report.controller.js": {"path":"C:\\Users\\biswa\\OneDrive\\Desktop\\KoinX-Assignment\\src\\controllers\\report.controller.js","statementMap":{"0":{"start":{"line":1,"column":21},"end":{"line":1,"column":53}},"1":{"start":{"line":2,"column":25},"end":{"line":2,"column":56}},"2":{"start":{"line":3,"column":22},"end":{"line":3,"column":59}},"3":{"start":{"line":4,"column":24},"end":{"line":4,"column":55}},"4":{"start":{"line":9,"column":22},"end":{"line":26,"column":2}},"5":{"start":{"line":10,"column":20},"end":{"line":10,"column":30}},"6":{"start":{"line":13,"column":37},"end":{"line":13,"column":46}},"7":{"start":{"line":14,"column":16},"end":{"line":14,"column":42}},"8":{"start":{"line":16,"column":15},"end":{"line":16,"column":78}},"9":{"start":{"line":18,"column":2},"end":{"line":23,"column":3}},"10":{"start":{"line":19,"column":22},"end":{"line":19,"column":47}},"11":{"start":{"line":20,"column":4},"end":{"line":20,"column":46}},"12":{"start":{"line":21,"column":4},"end":{"line":21,"column":102}},"13":{"start":{"line":22,"column":4},"end":{"line":22,"column":43}},"14":{"start":{"line":25,"column":2},"end":{"line":25,"column":76}},"15":{"start":{"line":31,"column":22},"end":{"line":35,"column":2}},"16":{"start":{"line":32,"column":20},"end":{"line":32,"column":30}},"17":{"start":{"line":33,"column":18},"end":{"line":33,"column":58}},"18":{"start":{"line":34,"column":2},"end":{"line":34,"column":75}},"19":{"start":{"line":40,"column":21},"end":{"line":54,"column":2}},"20":{"start":{"line":41,"column":20},"end":{"line":41,"column":30}},"21":{"start":{"line":43,"column":15},"end":{"line":43,"column":70}},"22":{"start":{"line":46,"column":2},"end":{"line":51,"column":3}},"23":{"start":{"line":47,"column":22},"end":{"line":47,"column":47}},"24":{"start":{"line":48,"column":4},"end":{"line":48,"column":46}},"25":{"start":{"line":49,"column":4},"end":{"line":49,"column":97}},"26":{"start":{"line":50,"column":4},"end":{"line":50,"column":43}},"27":{"start":{"line":53,"column":2},"end":{"line":53,"column":81}},"28":{"start":{"line":56,"column":0},"end":{"line":60,"column":2}}},"fnMap":{"0":{"name":"(anonymous_0)","decl":{"start":{"line":9,"column":35},"end":{"line":9,"column":36}},"loc":{"start":{"line":9,"column":55},"end":{"line":26,"column":1}},"line":9},"1":{"name":"(anonymous_1)","decl":{"start":{"line":31,"column":35},"end":{"line":31,"column":36}},"loc":{"start":{"line":31,"column":55},"end":{"line":35,"column":1}},"line":31},"2":{"name":"(anonymous_2)","decl":{"start":{"line":40,"column":34},"end":{"line":40,"column":35}},"loc":{"start":{"line":40,"column":54},"end":{"line":54,"column":1}},"line":40}},"branchMap":{"0":{"loc":{"start":{"line":18,"column":2},"end":{"line":23,"column":3}},"type":"if","locations":[{"start":{"line":18,"column":2},"end":{"line":23,"column":3}},{"start":{},"end":{}}],"line":18},"1":{"loc":{"start":{"line":46,"column":2},"end":{"line":51,"column":3}},"type":"if","locations":[{"start":{"line":46,"column":2},"end":{"line":51,"column":3}},{"start":{},"end":{}}],"line":46}},"s":{"0":1,"1":1,"2":1,"3":1,"4":1,"5":0,"6":0,"7":0,"8":0,"9":0,"10":0,"11":0,"12":0,"13":0,"14":0,"15":1,"16":0,"17":0,"18":0,"19":1,"20":0,"21":0,"22":0,"23":0,"24":0,"25":0,"26":0,"27":0,"28":1},"f":{"0":0,"1":0,"2":0},"b":{"0":[0,0],"1":[0,0]},"_coverageSchema":"1a1c01bbd47fc00a2c39e90264f33305004495a9","hash":"9ffa10c9b2231684270800f2996bf6607903aefa"}
,"C:\\Users\\biswa\\OneDrive\\Desktop\\KoinX-Assignment\\src\\controllers\\upload.controller.js": {"path":"C:\\Users\\biswa\\OneDrive\\Desktop\\KoinX-Assignment\\src\\controllers\\upload.controller.js","statementMap":{"0":{"start":{"line":1,"column":21},"end":{"line":1,"column":53}},"1":{"start":{"line":2,"column":25},"end":{"line":2,"column":56}},"2":{"start":{"line":3,"column":17},"end":{"line":3,"column":45}},"3":{"start":{"line":4,"column":25},"end":{"line":4,"column":65}},"4":{"start":{"line":5,"column":11},"end":{"line":5,"column":24}},"5":{"start":{"line":7,"column":19},"end":{"line":29,"column":2}},"6":{"start":{"line":8,"column":2},"end":{"line":10,"column":3}},"7":{"start":{"line":9,"column":4},"end":{"line":9,"column":79}},"8":{"start":{"line":12,"column":23},"end":{"line":12,"column":52}},"9":{"start":{"line":13,"column":27},"end":{"line":13,"column":60}},"10":{"start":{"line":15,"column":2},"end":{"line":28,"column":3}},"11":{"start":{"line":16,"column":19},"end":{"line":16,"column":85}},"12":{"start":{"line":19,"column":4},"end":{"line":19,"column":32}},"13":{"start":{"line":20,"column":4},"end":{"line":20,"column":36}},"14":{"start":{"line":22,"column":4},"end":{"line":22,"column":73}},"15":{"start":{"line":25,"column":4},"end":{"line":25,"column":65}},"16":{"start":{"line":25,"column":37},"end":{"line":25,"column":65}},"17":{"start":{"line":26,"column":4},"end":{"line":26,"column":73}},"18":{"start":{"line":26,"column":41},"end":{"line":26,"column":73}},"19":{"start":{"line":27,"column":4},"end":{"line":27,"column":16}},"20":{"start":{"line":31,"column":0},"end":{"line":33,"column":2}}},"fnMap":{"0":{"name":"(anonymous_0)","decl":{"start":{"line":7,"column":32},"end":{"line":7,"column":33}},"loc":{"start":{"line":7,"column":52},"end":{"line":29,"column":1}},"line":7}},"branchMap":{"0":{"loc":{"start":{"line":8,"column":2},"end":{"line":10,"column":3}},"type":"if","locations":[{"start":{"line":8,"column":2},"end":{"line":10,"column":3}},{"start":{},"end":{}}],"line":8},"1":{"loc":{"start":{"line":8,"column":6},"end":{"line":8,"column":72}},"type":"binary-expr","locations":[{"start":{"line":8,"column":6},"end":{"line":8,"column":16}},{"start":{"line":8,"column":20},"end":{"line":8,"column":42}},{"start":{"line":8,"column":46},"end":{"line":8,"column":72}}],"line":8},"2":{"loc":{"start":{"line":25,"column":4},"end":{"line":25,"column":65}},"type":"if","locations":[{"start":{"line":25,"column":4},"end":{"line":25,"column":65}},{"start":{},"end":{}}],"line":25},"3":{"loc":{"start":{"line":26,"column":4},"end":{"line":26,"column":73}},"type":"if","locations":[{"start":{"line":26,"column":4},"end":{"line":26,"column":73}},{"start":{},"end":{}}],"line":26}},"s":{"0":1,"1":1,"2":1,"3":1,"4":1,"5":1,"6":0,"7":0,"8":0,"9":0,"10":0,"11":0,"12":0,"13":0,"14":0,"15":0,"16":0,"17":0,"18":0,"19":0,"20":1},"f":{"0":0},"b":{"0":[0,0],"1":[0,0,0],"2":[0,0],"3":[0,0]},"_coverageSchema":"1a1c01bbd47fc00a2c39e90264f33305004495a9","hash":"1da2f2ab15042d0ed4ffd40c67fd73eb26582584"}
,"C:\\Users\\biswa\\OneDrive\\Desktop\\KoinX-Assignment\\src\\middlewares\\error.middleware.js": {"path":"C:\\Users\\biswa\\OneDrive\\Desktop\\KoinX-Assignment\\src\\middlewares\\error.middleware.js","statementMap":{"0":{"start":{"line":1,"column":17},"end":{"line":1,"column":45}},"1":{"start":{"line":2,"column":15},"end":{"line":2,"column":41}},"2":{"start":{"line":4,"column":23},"end":{"line":13,"column":1}},"3":{"start":{"line":5,"column":14},"end":{"line":5,"column":17}},"4":{"start":{"line":6,"column":2},"end":{"line":11,"column":3}},"5":{"start":{"line":8,"column":6},"end":{"line":8,"column":70}},"6":{"start":{"line":9,"column":20},"end":{"line":9,"column":60}},"7":{"start":{"line":10,"column":4},"end":{"line":10,"column":64}},"8":{"start":{"line":12,"column":2},"end":{"line":12,"column":14}},"9":{"start":{"line":15,"column":21},"end":{"line":35,"column":1}},"10":{"start":{"line":16,"column":32},"end":{"line":16,"column":35}},"11":{"start":{"line":17,"column":2},"end":{"line":20,"column":3}},"12":{"start":{"line":18,"column":4},"end":{"line":18,"column":21}},"13":{"start":{"line":19,"column":4},"end":{"line":19,"column":38}},"14":{"start":{"line":22,"column":2},"end":{"line":22,"column":40}},"15":{"start":{"line":24,"column":19},"end":{"line":28,"column":3}},"16":{"start":{"line":30,"column":2},"end":{"line":32,"column":3}},"17":{"start":{"line":31,"column":4},"end":{"line":31,"column":22}},"18":{"start":{"line":34,"column":2},"end":{"line":34,"column":40}},"19":{"start":{"line":37,"column":0},"end":{"line":40,"column":2}}},"fnMap":{"0":{"name":"(anonymous_0)","decl":{"start":{"line":4,"column":23},"end":{"line":4,"column":24}},"loc":{"start":{"line":4,"column":48},"end":{"line":13,"column":1}},"line":4},"1":{"name":"(anonymous_1)","decl":{"start":{"line":15,"column":21},"end":{"line":15,"column":22}},"loc":{"start":{"line":15,"column":46},"end":{"line":35,"column":1}},"line":15}},"branchMap":{"0":{"loc":{"start":{"line":6,"column":2},"end":{"line":11,"column":3}},"type":"if","locations":[{"start":{"line":6,"column":2},"end":{"line":11,"column":3}},{"start":{},"end":{}}],"line":6},"1":{"loc":{"start":{"line":8,"column":6},"end":{"line":8,"column":70}},"type":"cond-expr","locations":[{"start":{"line":8,"column":61},"end":{"line":8,"column":64}},{"start":{"line":8,"column":67},"end":{"line":8,"column":70}}],"line":8},"2":{"loc":{"start":{"line":8,"column":6},"end":{"line":8,"column":58}},"type":"binary-expr","locations":[{"start":{"line":8,"column":6},"end":{"line":8,"column":22}},{"start":{"line":8,"column":26},"end":{"line":8,"column":58}}],"line":8},"3":{"loc":{"start":{"line":9,"column":20},"end":{"line":9,"column":60}},"type":"binary-expr","locations":[{"start":{"line":9,"column":20},"end":{"line":9,"column":33}},{"start":{"line":9,"column":37},"end":{"line":9,"column":60}}],"line":9},"4":{"loc":{"start":{"line":17,"column":2},"end":{"line":20,"column":3}},"type":"if","locations":[{"start":{"line":17,"column":2},"end":{"line":20,"column":3}},{"start":{},"end":{}}],"line":17},"5":{"loc":{"start":{"line":17,"column":6},"end":{"line":17,"column":65}},"type":"binary-expr","locations":[{"start":{"line":17,"column":6},"end":{"line":17,"column":43}},{"start":{"line":17,"column":47},"end":{"line":17,"column":65}}],"line":17},"6":{"loc":{"start":{"line":27,"column":8},"end":{"line":27,"column":70}},"type":"binary-expr","locations":[{"start":{"line":27,"column":8},"end":{"line":27,"column":46}},{"start":{"line":27,"column":50},"end":{"line":27,"column":70}}],"line":27},"7":{"loc":{"start":{"line":30,"column":2},"end":{"line":32,"column":3}},"type":"if","locations":[{"start":{"line":30,"column":2},"end":{"line":32,"column":3}},{"start":{},"end":{}}],"line":30}},"s":{"0":1,"1":1,"2":1,"3":1,"4":1,"5":0,"6":0,"7":0,"8":1,"9":1,"10":1,"11":1,"12":0,"13":0,"14":1,"15":1,"16":1,"17":0,"18":1,"19":1},"f":{"0":1,"1":1},"b":{"0":[0,1],"1":[0,0],"2":[0,0],"3":[0,0],"4":[0,1],"5":[1,0],"6":[1,0],"7":[0,1]},"_coverageSchema":"1a1c01bbd47fc00a2c39e90264f33305004495a9","hash":"7b772ea0d452f72c5aa5f849678dc2562f8e4fa2"}
,"C:\\Users\\biswa\\OneDrive\\Desktop\\KoinX-Assignment\\src\\middlewares\\logger.middleware.js": {"path":"C:\\Users\\biswa\\OneDrive\\Desktop\\KoinX-Assignment\\src\\middlewares\\logger.middleware.js","statementMap":{"0":{"start":{"line":1,"column":15},"end":{"line":1,"column":32}},"1":{"start":{"line":2,"column":15},"end":{"line":2,"column":41}},"2":{"start":{"line":4,"column":0},"end":{"line":4,"column":69}},"3":{"start":{"line":4,"column":38},"end":{"line":4,"column":67}},"4":{"start":{"line":6,"column":20},"end":{"line":6,"column":90}},"5":{"start":{"line":6,"column":27},"end":{"line":6,"column":89}},"6":{"start":{"line":7,"column":30},"end":{"line":7,"column":88}},"7":{"start":{"line":8,"column":28},"end":{"line":8,"column":106}},"8":{"start":{"line":10,"column":23},"end":{"line":13,"column":2}},"9":{"start":{"line":11,"column":22},"end":{"line":11,"column":43}},"10":{"start":{"line":12,"column":32},"end":{"line":12,"column":59}},"11":{"start":{"line":15,"column":21},"end":{"line":18,"column":2}},"12":{"start":{"line":16,"column":22},"end":{"line":16,"column":42}},"13":{"start":{"line":17,"column":32},"end":{"line":17,"column":60}},"14":{"start":{"line":20,"column":0},"end":{"line":23,"column":2}}},"fnMap":{"0":{"name":"(anonymous_0)","decl":{"start":{"line":4,"column":24},"end":{"line":4,"column":25}},"loc":{"start":{"line":4,"column":38},"end":{"line":4,"column":67}},"line":4},"1":{"name":"(anonymous_1)","decl":{"start":{"line":6,"column":20},"end":{"line":6,"column":21}},"loc":{"start":{"line":6,"column":27},"end":{"line":6,"column":89}},"line":6},"2":{"name":"(anonymous_2)","decl":{"start":{"line":11,"column":8},"end":{"line":11,"column":9}},"loc":{"start":{"line":11,"column":22},"end":{"line":11,"column":43}},"line":11},"3":{"name":"(anonymous_3)","decl":{"start":{"line":12,"column":19},"end":{"line":12,"column":20}},"loc":{"start":{"line":12,"column":32},"end":{"line":12,"column":59}},"line":12},"4":{"name":"(anonymous_4)","decl":{"start":{"line":16,"column":8},"end":{"line":16,"column":9}},"loc":{"start":{"line":16,"column":22},"end":{"line":16,"column":42}},"line":16},"5":{"name":"(anonymous_5)","decl":{"start":{"line":17,"column":19},"end":{"line":17,"column":20}},"loc":{"start":{"line":17,"column":32},"end":{"line":17,"column":60}},"line":17}},"branchMap":{"0":{"loc":{"start":{"line":4,"column":38},"end":{"line":4,"column":67}},"type":"binary-expr","locations":[{"start":{"line":4,"column":38},"end":{"line":4,"column":61}},{"start":{"line":4,"column":65},"end":{"line":4,"column":67}}],"line":4},"1":{"loc":{"start":{"line":6,"column":27},"end":{"line":6,"column":89}},"type":"cond-expr","locations":[{"start":{"line":6,"column":67},"end":{"line":6,"column":84}},{"start":{"line":6,"column":87},"end":{"line":6,"column":89}}],"line":6}},"s":{"0":1,"1":1,"2":1,"3":0,"4":1,"5":2,"6":1,"7":1,"8":1,"9":0,"10":0,"11":1,"12":0,"13":0,"14":1},"f":{"0":0,"1":2,"2":0,"3":0,"4":0,"5":0},"b":{"0":[0,0],"1":[0,2]},"_coverageSchema":"1a1c01bbd47fc00a2c39e90264f33305004495a9","hash":"cc2a9b3504d5d0aac31c551aea8d8337c5b6f9cb"}
,"C:\\Users\\biswa\\OneDrive\\Desktop\\KoinX-Assignment\\src\\middlewares\\pagination.middleware.js": {"path":"C:\\Users\\biswa\\OneDrive\\Desktop\\KoinX-Assignment\\src\\middlewares\\pagination.middleware.js","statementMap":{"0":{"start":{"line":1,"column":17},"end":{"line":18,"column":1}},"1":{"start":{"line":2,"column":15},"end":{"line":2,"column":48}},"2":{"start":{"line":3,"column":16},"end":{"line":3,"column":51}},"3":{"start":{"line":4,"column":17},"end":{"line":4,"column":48}},"4":{"start":{"line":5,"column":20},"end":{"line":5,"column":58}},"5":{"start":{"line":8,"column":25},"end":{"line":8,"column":52}},"6":{"start":{"line":10,"column":2},"end":{"line":15,"column":4}},"7":{"start":{"line":17,"column":2},"end":{"line":17,"column":9}},"8":{"start":{"line":20,"column":0},"end":{"line":22,"column":2}}},"fnMap":{"0":{"name":"(anonymous_0)","decl":{"start":{"line":1,"column":17},"end":{"line":1,"column":18}},"loc":{"start":{"line":1,"column":37},"end":{"line":18,"column":1}},"line":1}},"branchMap":{"0":{"loc":{"start":{"line":2,"column":15},"end":{"line":2,"column":48}},"type":"binary-expr","locations":[{"start":{"line":2,"column":15},"end":{"line":2,"column":43}},{"start":{"line":2,"column":47},"end":{"line":2,"column":48}}],"line":2},"1":{"loc":{"start":{"line":3,"column":16},"end":{"line":3,"column":51}},"type":"binary-expr","locations":[{"start":{"line":3,"column":16},"end":{"line":3,"column":45}},{"start":{"line":3,"column":49},"end":{"line":3,"column":51}}],"line":3},"2":{"loc":{"start":{"line":4,"column":17},"end":{"line":4,"column":48}},"type":"binary-expr","locations":[{"start":{"line":4,"column":17},"end":{"line":4,"column":33}},{"start":{"line":4,"column":37},"end":{"line":4,"column":48}}],"line":4},"3":{"loc":{"start":{"line":5,"column":20},"end":{"line":5,"column":58}},"type":"cond-expr","locations":[{"start":{"line":5,"column":52},"end":{"line":5,"column":53}},{"start":{"line":5,"column":56},"end":{"line":5,"column":58}}],"line":5},"4":{"loc":{"start":{"line":8,"column":25},"end":{"line":8,"column":52}},"type":"cond-expr","locations":[{"start":{"line":8,"column":40},"end":{"line":8,"column":44}},{"start":{"line":8,"column":47},"end":{"line":8,"column":52}}],"line":8}},"s":{"0":1,"1":0,"2":0,"3":0,"4":0,"5":0,"6":0,"7":0,"8":1},"f":{"0":0},"b":{"0":[0,0],"1":[0,0],"2":[0,0],"3":[0,0],"4":[0,0]},"_coverageSchema":"1a1c01bbd47fc00a2c39e90264f33305004495a9","hash":"0ad4ef049406b260ea97c15045a7f8cced883aa5"}
,"C:\\Users\\biswa\\OneDrive\\Desktop\\KoinX-Assignment\\src\\middlewares\\upload.middleware.js": {"path":"C:\\Users\\biswa\\OneDrive\\Desktop\\KoinX-Assignment\\src\\middlewares\\upload.middleware.js","statementMap":{"0":{"start":{"line":1,"column":15},"end":{"line":1,"column":32}},"1":{"start":{"line":2,"column":13},"end":{"line":2,"column":28}},"2":{"start":{"line":3,"column":11},"end":{"line":3,"column":24}},"3":{"start":{"line":6,"column":18},"end":{"line":6,"column":55}},"4":{"start":{"line":7,"column":0},"end":{"line":9,"column":1}},"5":{"start":{"line":8,"column":2},"end":{"line":8,"column":47}},"6":{"start":{"line":11,"column":16},"end":{"line":19,"column":2}},"7":{"start":{"line":13,"column":4},"end":{"line":13,"column":24}},"8":{"start":{"line":16,"column":25},"end":{"line":16,"column":75}},"9":{"start":{"line":17,"column":4},"end":{"line":17,"column":59}},"10":{"start":{"line":21,"column":19},"end":{"line":27,"column":1}},"11":{"start":{"line":22,"column":2},"end":{"line":26,"column":3}},"12":{"start":{"line":23,"column":4},"end":{"line":23,"column":19}},"13":{"start":{"line":25,"column":4},"end":{"line":25,"column":55}},"14":{"start":{"line":29,"column":15},"end":{"line":35,"column":2}},"15":{"start":{"line":37,"column":0},"end":{"line":37,"column":24}}},"fnMap":{"0":{"name":"(anonymous_0)","decl":{"start":{"line":12,"column":15},"end":{"line":12,"column":16}},"loc":{"start":{"line":12,"column":34},"end":{"line":14,"column":3}},"line":12},"1":{"name":"(anonymous_1)","decl":{"start":{"line":15,"column":12},"end":{"line":15,"column":13}},"loc":{"start":{"line":15,"column":31},"end":{"line":18,"column":3}},"line":15},"2":{"name":"(anonymous_2)","decl":{"start":{"line":21,"column":19},"end":{"line":21,"column":20}},"loc":{"start":{"line":21,"column":38},"end":{"line":27,"column":1}},"line":21}},"branchMap":{"0":{"loc":{"start":{"line":7,"column":0},"end":{"line":9,"column":1}},"type":"if","locations":[{"start":{"line":7,"column":0},"end":{"line":9,"column":1}},{"start":{},"end":{}}],"line":7},"1":{"loc":{"start":{"line":22,"column":2},"end":{"line":26,"column":3}},"type":"if","locations":[{"start":{"line":22,"column":2},"end":{"line":26,"column":3}},{"start":{"line":24,"column":9},"end":{"line":26,"column":3}}],"line":22},"2":{"loc":{"start":{"line":22,"column":6},"end":{"line":22,"column":72}},"type":"binary-expr","locations":[{"start":{"line":22,"column":6},"end":{"line":22,"column":34}},{"start":{"line":22,"column":38},"end":{"line":22,"column":72}}],"line":22}},"s":{"0":1,"1":1,"2":1,"3":1,"4":1,"5":0,"6":1,"7":0,"8":0,"9":0,"10":1,"11":0,"12":0,"13":0,"14":1,"15":1},"f":{"0":0,"1":0,"2":0},"b":{"0":[0,1],"1":[0,0],"2":[0,0]},"_coverageSchema":"1a1c01bbd47fc00a2c39e90264f33305004495a9","hash":"97c7bd0b0d4fb40fee074af6e2221ba6e894ad92"}
,"C:\\Users\\biswa\\OneDrive\\Desktop\\KoinX-Assignment\\src\\models\\DataQualityIssue.model.js": {"path":"C:\\Users\\biswa\\OneDrive\\Desktop\\KoinX-Assignment\\src\\models\\DataQualityIssue.model.js","statementMap":{"0":{"start":{"line":1,"column":17},"end":{"line":1,"column":36}},"1":{"start":{"line":3,"column":31},"end":{"line":52,"column":1}},"2":{"start":{"line":54,"column":0},"end":{"line":54,"column":71}},"3":{"start":{"line":55,"column":0},"end":{"line":55,"column":70}},"4":{"start":{"line":57,"column":25},"end":{"line":57,"column":83}},"5":{"start":{"line":58,"column":0},"end":{"line":58,"column":34}}},"fnMap":{},"branchMap":{},"s":{"0":1,"1":1,"2":1,"3":1,"4":1,"5":1},"f":{},"b":{},"_coverageSchema":"1a1c01bbd47fc00a2c39e90264f33305004495a9","hash":"7b7de8895478a4cdb389ca3fa69e3aed4aef3226"}
,"C:\\Users\\biswa\\OneDrive\\Desktop\\KoinX-Assignment\\src\\models\\ExchangeTransaction.model.js": {"path":"C:\\Users\\biswa\\OneDrive\\Desktop\\KoinX-Assignment\\src\\models\\ExchangeTransaction.model.js","statementMap":{"0":{"start":{"line":1,"column":17},"end":{"line":1,"column":36}},"1":{"start":{"line":3,"column":34},"end":{"line":51,"column":1}},"2":{"start":{"line":54,"column":0},"end":{"line":54,"column":88}},"3":{"start":{"line":55,"column":0},"end":{"line":55,"column":99}},"4":{"start":{"line":56,"column":0},"end":{"line":56,"column":47}},"5":{"start":{"line":59,"column":0},"end":{"line":64,"column":3}},"6":{"start":{"line":66,"column":28},"end":{"line":66,"column":92}},"7":{"start":{"line":67,"column":0},"end":{"line":67,"column":37}}},"fnMap":{},"branchMap":{},"s":{"0":2,"1":2,"2":2,"3":2,"4":2,"5":2,"6":2,"7":2},"f":{},"b":{},"_coverageSchema":"1a1c01bbd47fc00a2c39e90264f33305004495a9","hash":"5223102fcbbbd50860e5dac51df7fe7308396ead"}
,"C:\\Users\\biswa\\OneDrive\\Desktop\\KoinX-Assignment\\src\\models\\ReconciliationResult.model.js": {"path":"C:\\Users\\biswa\\OneDrive\\Desktop\\KoinX-Assignment\\src\\models\\ReconciliationResult.model.js","statementMap":{"0":{"start":{"line":1,"column":17},"end":{"line":1,"column":36}},"1":{"start":{"line":3,"column":35},"end":{"line":57,"column":1}},"2":{"start":{"line":59,"column":0},"end":{"line":59,"column":72}},"3":{"start":{"line":61,"column":29},"end":{"line":61,"column":95}},"4":{"start":{"line":62,"column":0},"end":{"line":62,"column":38}}},"fnMap":{},"branchMap":{},"s":{"0":2,"1":2,"2":2,"3":2,"4":2},"f":{},"b":{},"_coverageSchema":"1a1c01bbd47fc00a2c39e90264f33305004495a9","hash":"e587c1b7a9f6e70ea370cb4eb426670cec03a291"}
,"C:\\Users\\biswa\\OneDrive\\Desktop\\KoinX-Assignment\\src\\models\\ReconciliationRun.model.js": {"path":"C:\\Users\\biswa\\OneDrive\\Desktop\\KoinX-Assignment\\src\\models\\ReconciliationRun.model.js","statementMap":{"0":{"start":{"line":1,"column":17},"end":{"line":1,"column":36}},"1":{"start":{"line":3,"column":32},"end":{"line":42,"column":1}},"2":{"start":{"line":44,"column":26},"end":{"line":44,"column":86}},"3":{"start":{"line":45,"column":0},"end":{"line":45,"column":35}}},"fnMap":{},"branchMap":{},"s":{"0":2,"1":2,"2":2,"3":2},"f":{},"b":{},"_coverageSchema":"1a1c01bbd47fc00a2c39e90264f33305004495a9","hash":"2c0ddaf178596816275625e0aea77a85d4dba36c"}
,"C:\\Users\\biswa\\OneDrive\\Desktop\\KoinX-Assignment\\src\\models\\UserTransaction.model.js": {"path":"C:\\Users\\biswa\\OneDrive\\Desktop\\KoinX-Assignment\\src\\models\\UserTransaction.model.js","statementMap":{"0":{"start":{"line":1,"column":17},"end":{"line":1,"column":36}},"1":{"start":{"line":3,"column":30},"end":{"line":51,"column":1}},"2":{"start":{"line":54,"column":0},"end":{"line":54,"column":84}},"3":{"start":{"line":55,"column":0},"end":{"line":55,"column":95}},"4":{"start":{"line":56,"column":0},"end":{"line":56,"column":67}},"5":{"start":{"line":59,"column":0},"end":{"line":59,"column":43}},"6":{"start":{"line":62,"column":0},"end":{"line":67,"column":3}},"7":{"start":{"line":69,"column":24},"end":{"line":69,"column":80}},"8":{"start":{"line":70,"column":0},"end":{"line":70,"column":33}}},"fnMap":{},"branchMap":{},"s":{"0":2,"1":2,"2":2,"3":2,"4":2,"5":2,"6":2,"7":2,"8":2},"f":{},"b":{},"_coverageSchema":"1a1c01bbd47fc00a2c39e90264f33305004495a9","hash":"ef1c7a7f0134a05e1e31e379c718b684a9634ba3"}
,"C:\\Users\\biswa\\OneDrive\\Desktop\\KoinX-Assignment\\src\\routes\\v1\\dataQuality.route.js": {"path":"C:\\Users\\biswa\\OneDrive\\Desktop\\KoinX-Assignment\\src\\routes\\v1\\dataQuality.route.js","statementMap":{"0":{"start":{"line":1,"column":16},"end":{"line":1,"column":34}},"1":{"start":{"line":2,"column":30},"end":{"line":2,"column":81}},"2":{"start":{"line":3,"column":21},"end":{"line":3,"column":71}},"3":{"start":{"line":5,"column":15},"end":{"line":5,"column":31}},"4":{"start":{"line":7,"column":0},"end":{"line":7,"column":71}},"5":{"start":{"line":8,"column":0},"end":{"line":8,"column":70}},"6":{"start":{"line":10,"column":0},"end":{"line":10,"column":24}}},"fnMap":{},"branchMap":{},"s":{"0":1,"1":1,"2":1,"3":1,"4":1,"5":1,"6":1},"f":{},"b":{},"_coverageSchema":"1a1c01bbd47fc00a2c39e90264f33305004495a9","hash":"25ea72e00ca5522105bb762b6f2ffa45915490ac"}
,"C:\\Users\\biswa\\OneDrive\\Desktop\\KoinX-Assignment\\src\\routes\\v1\\health.route.js": {"path":"C:\\Users\\biswa\\OneDrive\\Desktop\\KoinX-Assignment\\src\\routes\\v1\\health.route.js","statementMap":{"0":{"start":{"line":1,"column":16},"end":{"line":1,"column":34}},"1":{"start":{"line":2,"column":25},"end":{"line":2,"column":71}},"2":{"start":{"line":4,"column":15},"end":{"line":4,"column":31}},"3":{"start":{"line":6,"column":0},"end":{"line":6,"column":52}},"4":{"start":{"line":8,"column":0},"end":{"line":8,"column":24}}},"fnMap":{},"branchMap":{},"s":{"0":1,"1":1,"2":1,"3":1,"4":1},"f":{},"b":{},"_coverageSchema":"1a1c01bbd47fc00a2c39e90264f33305004495a9","hash":"8d6e250377b2396932a3a307ed0d95deb9963f0b"}
,"C:\\Users\\biswa\\OneDrive\\Desktop\\KoinX-Assignment\\src\\routes\\v1\\index.js": {"path":"C:\\Users\\biswa\\OneDrive\\Desktop\\KoinX-Assignment\\src\\routes\\v1\\index.js","statementMap":{"0":{"start":{"line":1,"column":16},"end":{"line":1,"column":34}},"1":{"start":{"line":2,"column":20},"end":{"line":2,"column":45}},"2":{"start":{"line":3,"column":20},"end":{"line":3,"column":45}},"3":{"start":{"line":4,"column":23},"end":{"line":4,"column":51}},"4":{"start":{"line":5,"column":20},"end":{"line":5,"column":45}},"5":{"start":{"line":6,"column":25},"end":{"line":6,"column":55}},"6":{"start":{"line":8,"column":15},"end":{"line":8,"column":31}},"7":{"start":{"line":10,"column":22},"end":{"line":31,"column":1}},"8":{"start":{"line":33,"column":0},"end":{"line":35,"column":3}},"9":{"start":{"line":34,"column":2},"end":{"line":34,"column":38}},"10":{"start":{"line":37,"column":0},"end":{"line":37,"column":24}}},"fnMap":{"0":{"name":"(anonymous_0)","decl":{"start":{"line":33,"column":22},"end":{"line":33,"column":23}},"loc":{"start":{"line":33,"column":33},"end":{"line":35,"column":1}},"line":33}},"branchMap":{},"s":{"0":1,"1":1,"2":1,"3":1,"4":1,"5":1,"6":1,"7":1,"8":1,"9":5,"10":1},"f":{"0":5},"b":{},"_coverageSchema":"1a1c01bbd47fc00a2c39e90264f33305004495a9","hash":"4ea01a35e7688de7dc5a68d53a323583ca89c1b0"}
,"C:\\Users\\biswa\\OneDrive\\Desktop\\KoinX-Assignment\\src\\routes\\v1\\reconcile.route.js": {"path":"C:\\Users\\biswa\\OneDrive\\Desktop\\KoinX-Assignment\\src\\routes\\v1\\reconcile.route.js","statementMap":{"0":{"start":{"line":1,"column":16},"end":{"line":1,"column":34}},"1":{"start":{"line":2,"column":28},"end":{"line":2,"column":77}},"2":{"start":{"line":4,"column":15},"end":{"line":4,"column":31}},"3":{"start":{"line":6,"column":0},"end":{"line":6,"column":54}},"4":{"start":{"line":8,"column":0},"end":{"line":8,"column":24}}},"fnMap":{},"branchMap":{},"s":{"0":1,"1":1,"2":1,"3":1,"4":1},"f":{},"b":{},"_coverageSchema":"1a1c01bbd47fc00a2c39e90264f33305004495a9","hash":"5b6b2aa19ded2e3585914fd5807235e65441b8e9"}
,"C:\\Users\\biswa\\OneDrive\\Desktop\\KoinX-Assignment\\src\\routes\\v1\\report.route.js": {"path":"C:\\Users\\biswa\\OneDrive\\Desktop\\KoinX-Assignment\\src\\routes\\v1\\report.route.js","statementMap":{"0":{"start":{"line":1,"column":16},"end":{"line":1,"column":34}},"1":{"start":{"line":2,"column":25},"end":{"line":2,"column":71}},"2":{"start":{"line":3,"column":21},"end":{"line":3,"column":71}},"3":{"start":{"line":5,"column":15},"end":{"line":5,"column":31}},"4":{"start":{"line":7,"column":0},"end":{"line":7,"column":70}},"5":{"start":{"line":8,"column":0},"end":{"line":8,"column":68}},"6":{"start":{"line":9,"column":0},"end":{"line":9,"column":79}},"7":{"start":{"line":11,"column":0},"end":{"line":11,"column":24}}},"fnMap":{},"branchMap":{},"s":{"0":1,"1":1,"2":1,"3":1,"4":1,"5":1,"6":1,"7":1},"f":{},"b":{},"_coverageSchema":"1a1c01bbd47fc00a2c39e90264f33305004495a9","hash":"a1ae2ddc09eb2bf2a786554ad78c31efa4029b14"}
,"C:\\Users\\biswa\\OneDrive\\Desktop\\KoinX-Assignment\\src\\routes\\v1\\upload.route.js": {"path":"C:\\Users\\biswa\\OneDrive\\Desktop\\KoinX-Assignment\\src\\routes\\v1\\upload.route.js","statementMap":{"0":{"start":{"line":1,"column":16},"end":{"line":1,"column":34}},"1":{"start":{"line":2,"column":25},"end":{"line":2,"column":71}},"2":{"start":{"line":3,"column":15},"end":{"line":3,"column":61}},"3":{"start":{"line":5,"column":15},"end":{"line":5,"column":31}},"4":{"start":{"line":7,"column":0},"end":{"line":13,"column":2}},"5":{"start":{"line":15,"column":0},"end":{"line":15,"column":24}}},"fnMap":{},"branchMap":{},"s":{"0":1,"1":1,"2":1,"3":1,"4":1,"5":1},"f":{},"b":{},"_coverageSchema":"1a1c01bbd47fc00a2c39e90264f33305004495a9","hash":"fe6dad5b3e71abebd8ed11565a0b9db4e41f16d0"}
,"C:\\Users\\biswa\\OneDrive\\Desktop\\KoinX-Assignment\\src\\services\\dataQuality.service.js": {"path":"C:\\Users\\biswa\\OneDrive\\Desktop\\KoinX-Assignment\\src\\services\\dataQuality.service.js","statementMap":{"0":{"start":{"line":1,"column":17},"end":{"line":1,"column":36}},"1":{"start":{"line":2,"column":25},"end":{"line":2,"column":68}},"2":{"start":{"line":7,"column":18},"end":{"line":30,"column":1}},"3":{"start":{"line":8,"column":17},"end":{"line":8,"column":19}},"4":{"start":{"line":10,"column":2},"end":{"line":10,"column":88}},"5":{"start":{"line":10,"column":33},"end":{"line":10,"column":88}},"6":{"start":{"line":11,"column":2},"end":{"line":11,"column":58}},"7":{"start":{"line":11,"column":23},"end":{"line":11,"column":58}},"8":{"start":{"line":12,"column":2},"end":{"line":12,"column":55}},"9":{"start":{"line":12,"column":22},"end":{"line":12,"column":55}},"10":{"start":{"line":13,"column":2},"end":{"line":13,"column":49}},"11":{"start":{"line":13,"column":20},"end":{"line":13,"column":49}},"12":{"start":{"line":15,"column":18},"end":{"line":19,"column":11}},"13":{"start":{"line":21,"column":16},"end":{"line":21,"column":61}},"14":{"start":{"line":23,"column":2},"end":{"line":29,"column":4}},"15":{"start":{"line":35,"column":26},"end":{"line":71,"column":1}},"16":{"start":{"line":36,"column":21},"end":{"line":36,"column":117}},"17":{"start":{"line":38,"column":19},"end":{"line":56,"column":3}},"18":{"start":{"line":58,"column":17},"end":{"line":58,"column":59}},"19":{"start":{"line":60,"column":2},"end":{"line":62,"column":3}},"20":{"start":{"line":61,"column":4},"end":{"line":61,"column":63}},"21":{"start":{"line":64,"column":22},"end":{"line":64,"column":31}},"22":{"start":{"line":66,"column":2},"end":{"line":70,"column":4}},"23":{"start":{"line":73,"column":0},"end":{"line":76,"column":2}}},"fnMap":{"0":{"name":"(anonymous_0)","decl":{"start":{"line":7,"column":18},"end":{"line":7,"column":19}},"loc":{"start":{"line":7,"column":47},"end":{"line":30,"column":1}},"line":7},"1":{"name":"(anonymous_1)","decl":{"start":{"line":35,"column":26},"end":{"line":35,"column":27}},"loc":{"start":{"line":35,"column":43},"end":{"line":71,"column":1}},"line":35}},"branchMap":{"0":{"loc":{"start":{"line":10,"column":2},"end":{"line":10,"column":88}},"type":"if","locations":[{"start":{"line":10,"column":2},"end":{"line":10,"column":88}},{"start":{},"end":{}}],"line":10},"1":{"loc":{"start":{"line":11,"column":2},"end":{"line":11,"column":58}},"type":"if","locations":[{"start":{"line":11,"column":2},"end":{"line":11,"column":58}},{"start":{},"end":{}}],"line":11},"2":{"loc":{"start":{"line":12,"column":2},"end":{"line":12,"column":55}},"type":"if","locations":[{"start":{"line":12,"column":2},"end":{"line":12,"column":55}},{"start":{},"end":{}}],"line":12},"3":{"loc":{"start":{"line":13,"column":2},"end":{"line":13,"column":49}},"type":"if","locations":[{"start":{"line":13,"column":2},"end":{"line":13,"column":49}},{"start":{},"end":{}}],"line":13},"4":{"loc":{"start":{"line":36,"column":21},"end":{"line":36,"column":117}},"type":"cond-expr","locations":[{"start":{"line":36,"column":29},"end":{"line":36,"column":100}},{"start":{"line":36,"column":103},"end":{"line":36,"column":117}}],"line":36},"5":{"loc":{"start":{"line":60,"column":2},"end":{"line":62,"column":3}},"type":"if","locations":[{"start":{"line":60,"column":2},"end":{"line":62,"column":3}},{"start":{},"end":{}}],"line":60},"6":{"loc":{"start":{"line":60,"column":6},"end":{"line":60,"column":36}},"type":"binary-expr","locations":[{"start":{"line":60,"column":6},"end":{"line":60,"column":13}},{"start":{"line":60,"column":17},"end":{"line":60,"column":36}}],"line":60},"7":{"loc":{"start":{"line":67,"column":17},"end":{"line":67,"column":90}},"type":"cond-expr","locations":[{"start":{"line":67,"column":54},"end":{"line":67,"column":86}},{"start":{"line":67,"column":89},"end":{"line":67,"column":90}}],"line":67}},"s":{"0":1,"1":1,"2":1,"3":0,"4":0,"5":0,"6":0,"7":0,"8":0,"9":0,"10":0,"11":0,"12":0,"13":0,"14":0,"15":1,"16":0,"17":0,"18":0,"19":0,"20":0,"21":0,"22":0,"23":1},"f":{"0":0,"1":0},"b":{"0":[0,0],"1":[0,0],"2":[0,0],"3":[0,0],"4":[0,0],"5":[0,0],"6":[0,0],"7":[0,0]},"_coverageSchema":"1a1c01bbd47fc00a2c39e90264f33305004495a9","hash":"a3a79baa61177d0d986947983531e11fac333cec"}
,"C:\\Users\\biswa\\OneDrive\\Desktop\\KoinX-Assignment\\src\\services\\ingestion.service.js": {"path":"C:\\Users\\biswa\\OneDrive\\Desktop\\KoinX-Assignment\\src\\services\\ingestion.service.js","statementMap":{"0":{"start":{"line":1,"column":17},"end":{"line":1,"column":36}},"1":{"start":{"line":2,"column":30},"end":{"line":2,"column":59}},"2":{"start":{"line":3,"column":36},"end":{"line":3,"column":65}},"3":{"start":{"line":4,"column":26},"end":{"line":4,"column":70}},"4":{"start":{"line":5,"column":24},"end":{"line":5,"column":66}},"5":{"start":{"line":6,"column":28},"end":{"line":6,"column":74}},"6":{"start":{"line":7,"column":25},"end":{"line":7,"column":68}},"7":{"start":{"line":8,"column":15},"end":{"line":8,"column":41}},"8":{"start":{"line":9,"column":25},"end":{"line":9,"column":67}},"9":{"start":{"line":14,"column":20},"end":{"line":93,"column":1}},"10":{"start":{"line":15,"column":44},"end":{"line":15,"column":55}},"11":{"start":{"line":17,"column":19},"end":{"line":17,"column":20}},"12":{"start":{"line":18,"column":21},"end":{"line":18,"column":22}},"13":{"start":{"line":19,"column":23},"end":{"line":19,"column":24}},"14":{"start":{"line":21,"column":23},"end":{"line":88,"column":3}},"15":{"start":{"line":22,"column":25},"end":{"line":22,"column":27}},"16":{"start":{"line":23,"column":25},"end":{"line":23,"column":27}},"17":{"start":{"line":24,"column":27},"end":{"line":24,"column":36}},"18":{"start":{"line":26,"column":4},"end":{"line":72,"column":5}},"19":{"start":{"line":27,"column":56},"end":{"line":27,"column":84}},"20":{"start":{"line":29,"column":6},"end":{"line":45,"column":7}},"21":{"start":{"line":30,"column":8},"end":{"line":38,"column":11}},"22":{"start":{"line":43,"column":8},"end":{"line":43,"column":23}},"23":{"start":{"line":44,"column":8},"end":{"line":44,"column":17}},"24":{"start":{"line":48,"column":6},"end":{"line":61,"column":7}},"25":{"start":{"line":49,"column":8},"end":{"line":49,"column":25}},"26":{"start":{"line":50,"column":8},"end":{"line":58,"column":11}},"27":{"start":{"line":59,"column":8},"end":{"line":59,"column":23}},"28":{"start":{"line":60,"column":8},"end":{"line":60,"column":17}},"29":{"start":{"line":62,"column":6},"end":{"line":62,"column":61}},"30":{"start":{"line":64,"column":6},"end":{"line":70,"column":9}},"31":{"start":{"line":71,"column":6},"end":{"line":71,"column":19}},"32":{"start":{"line":75,"column":4},"end":{"line":83,"column":5}},"33":{"start":{"line":76,"column":6},"end":{"line":82,"column":7}},"34":{"start":{"line":77,"column":8},"end":{"line":77,"column":65}},"35":{"start":{"line":80,"column":8},"end":{"line":80,"column":77}},"36":{"start":{"line":85,"column":4},"end":{"line":87,"column":5}},"37":{"start":{"line":86,"column":6},"end":{"line":86,"column":74}},"38":{"start":{"line":90,"column":2},"end":{"line":90,"column":111}},"39":{"start":{"line":92,"column":2},"end":{"line":92,"column":54}},"40":{"start":{"line":98,"column":20},"end":{"line":153,"column":1}},"41":{"start":{"line":99,"column":16},"end":{"line":99,"column":35}},"42":{"start":{"line":102,"column":14},"end":{"line":107,"column":4}},"43":{"start":{"line":109,"column":2},"end":{"line":152,"column":3}},"44":{"start":{"line":110,"column":4},"end":{"line":110,"column":58}},"45":{"start":{"line":113,"column":24},"end":{"line":117,"column":6}},"46":{"start":{"line":120,"column":28},"end":{"line":124,"column":6}},"47":{"start":{"line":127,"column":4},"end":{"line":131,"column":6}},"48":{"start":{"line":132,"column":4},"end":{"line":132,"column":31}},"49":{"start":{"line":133,"column":4},"end":{"line":133,"column":21}},"50":{"start":{"line":135,"column":4},"end":{"line":135,"column":60}},"51":{"start":{"line":137,"column":4},"end":{"line":144,"column":6}},"52":{"start":{"line":146,"column":4},"end":{"line":146,"column":75}},"53":{"start":{"line":147,"column":4},"end":{"line":147,"column":26}},"54":{"start":{"line":148,"column":4},"end":{"line":148,"column":37}},"55":{"start":{"line":149,"column":4},"end":{"line":149,"column":29}},"56":{"start":{"line":150,"column":4},"end":{"line":150,"column":21}},"57":{"start":{"line":151,"column":4},"end":{"line":151,"column":16}},"58":{"start":{"line":155,"column":0},"end":{"line":157,"column":2}}},"fnMap":{"0":{"name":"(anonymous_0)","decl":{"start":{"line":14,"column":20},"end":{"line":14,"column":21}},"loc":{"start":{"line":14,"column":60},"end":{"line":93,"column":1}},"line":14},"1":{"name":"(anonymous_1)","decl":{"start":{"line":21,"column":23},"end":{"line":21,"column":24}},"loc":{"start":{"line":21,"column":40},"end":{"line":88,"column":3}},"line":21},"2":{"name":"(anonymous_2)","decl":{"start":{"line":98,"column":20},"end":{"line":98,"column":21}},"loc":{"start":{"line":98,"column":62},"end":{"line":153,"column":1}},"line":98}},"branchMap":{"0":{"loc":{"start":{"line":29,"column":6},"end":{"line":45,"column":7}},"type":"if","locations":[{"start":{"line":29,"column":6},"end":{"line":45,"column":7}},{"start":{},"end":{}}],"line":29},"1":{"loc":{"start":{"line":48,"column":6},"end":{"line":61,"column":7}},"type":"if","locations":[{"start":{"line":48,"column":6},"end":{"line":61,"column":7}},{"start":{},"end":{}}],"line":48},"2":{"loc":{"start":{"line":75,"column":4},"end":{"line":83,"column":5}},"type":"if","locations":[{"start":{"line":75,"column":4},"end":{"line":83,"column":5}},{"start":{},"end":{}}],"line":75},"3":{"loc":{"start":{"line":85,"column":4},"end":{"line":87,"column":5}},"type":"if","locations":[{"start":{"line":85,"column":4},"end":{"line":87,"column":5}},{"start":{},"end":{}}],"line":85}},"s":{"0":1,"1":1,"2":1,"3":1,"4":1,"5":1,"6":1,"7":1,"8":1,"9":1,"10":0,"11":0,"12":0,"13":0,"14":0,"15":0,"16":0,"17":0,"18":0,"19":0,"20":0,"21":0,"22":0,"23":0,"24":0,"25":0,"26":0,"27":0,"28":0,"29":0,"30":0,"31":0,"32":0,"33":0,"34":0,"35":0,"36":0,"37":0,"38":0,"39":0,"40":1,"41":0,"42":0,"43":0,"44":0,"45":0,"46":0,"47":0,"48":0,"49":0,"50":0,"51":0,"52":0,"53":0,"54":0,"55":0,"56":0,"57":0,"58":1},"f":{"0":0,"1":0,"2":0},"b":{"0":[0,0],"1":[0,0],"2":[0,0],"3":[0,0]},"_coverageSchema":"1a1c01bbd47fc00a2c39e90264f33305004495a9","hash":"a8e773c9d10511a8db2198e34b4199750b1abd67"}
,"C:\\Users\\biswa\\OneDrive\\Desktop\\KoinX-Assignment\\src\\services\\reconciliation.service.js": {"path":"C:\\Users\\biswa\\OneDrive\\Desktop\\KoinX-Assignment\\src\\services\\reconciliation.service.js","statementMap":{"0":{"start":{"line":1,"column":24},"end":{"line":1,"column":66}},"1":{"start":{"line":2,"column":28},"end":{"line":2,"column":74}},"2":{"start":{"line":3,"column":29},"end":{"line":3,"column":76}},"3":{"start":{"line":4,"column":26},"end":{"line":4,"column":70}},"4":{"start":{"line":5,"column":15},"end":{"line":5,"column":41}},"5":{"start":{"line":6,"column":38},"end":{"line":6,"column":86}},"6":{"start":{"line":7,"column":27},"end":{"line":7,"column":67}},"7":{"start":{"line":8,"column":39},"end":{"line":8,"column":84}},"8":{"start":{"line":10,"column":32},"end":{"line":14,"column":1}},"9":{"start":{"line":11,"column":2},"end":{"line":11,"column":56}},"10":{"start":{"line":11,"column":35},"end":{"line":11,"column":56}},"11":{"start":{"line":12,"column":2},"end":{"line":12,"column":56}},"12":{"start":{"line":12,"column":34},"end":{"line":12,"column":56}},"13":{"start":{"line":13,"column":2},"end":{"line":13,"column":18}},"14":{"start":{"line":16,"column":30},"end":{"line":228,"column":1}},"15":{"start":{"line":17,"column":20},"end":{"line":17,"column":30}},"16":{"start":{"line":20,"column":16},"end":{"line":20,"column":35}},"17":{"start":{"line":21,"column":14},"end":{"line":26,"column":4}},"18":{"start":{"line":28,"column":2},"end":{"line":28,"column":83}},"19":{"start":{"line":30,"column":2},"end":{"line":227,"column":3}},"20":{"start":{"line":32,"column":4},"end":{"line":32,"column":141}},"21":{"start":{"line":33,"column":4},"end":{"line":33,"column":145}},"22":{"start":{"line":35,"column":31},"end":{"line":35,"column":40}},"23":{"start":{"line":36,"column":23},"end":{"line":36,"column":25}},"24":{"start":{"line":37,"column":27},"end":{"line":37,"column":29}},"25":{"start":{"line":38,"column":31},"end":{"line":38,"column":33}},"26":{"start":{"line":40,"column":17},"end":{"line":40,"column":87}},"27":{"start":{"line":42,"column":25},"end":{"line":49,"column":5}},"28":{"start":{"line":43,"column":6},"end":{"line":43,"column":87}},"29":{"start":{"line":43,"column":35},"end":{"line":43,"column":87}},"30":{"start":{"line":44,"column":6},"end":{"line":44,"column":89}},"31":{"start":{"line":44,"column":39},"end":{"line":44,"column":89}},"32":{"start":{"line":45,"column":6},"end":{"line":45,"column":101}},"33":{"start":{"line":45,"column":43},"end":{"line":45,"column":101}},"34":{"start":{"line":46,"column":6},"end":{"line":46,"column":24}},"35":{"start":{"line":47,"column":6},"end":{"line":47,"column":28}},"36":{"start":{"line":48,"column":6},"end":{"line":48,"column":32}},"37":{"start":{"line":52,"column":23},"end":{"line":52,"column":115}},"38":{"start":{"line":54,"column":4},"end":{"line":157,"column":5}},"39":{"start":{"line":55,"column":29},"end":{"line":55,"column":72}},"40":{"start":{"line":58,"column":22},"end":{"line":58,"column":107}},"41":{"start":{"line":59,"column":22},"end":{"line":59,"column":107}},"42":{"start":{"line":62,"column":25},"end":{"line":68,"column":15}},"43":{"start":{"line":70,"column":27},"end":{"line":70,"column":29}},"44":{"start":{"line":71,"column":22},"end":{"line":71,"column":24}},"45":{"start":{"line":74,"column":30},"end":{"line":77,"column":7}},"46":{"start":{"line":75,"column":8},"end":{"line":76,"column":107}},"47":{"start":{"line":79,"column":6},"end":{"line":89,"column":7}},"48":{"start":{"line":80,"column":22},"end":{"line":80,"column":55}},"49":{"start":{"line":81,"column":8},"end":{"line":88,"column":9}},"50":{"start":{"line":82,"column":10},"end":{"line":87,"column":11}},"51":{"start":{"line":83,"column":12},"end":{"line":83,"column":30}},"52":{"start":{"line":84,"column":12},"end":{"line":84,"column":36}},"53":{"start":{"line":85,"column":17},"end":{"line":87,"column":11}},"54":{"start":{"line":86,"column":12},"end":{"line":86,"column":38}},"55":{"start":{"line":91,"column":25},"end":{"line":107,"column":7}},"56":{"start":{"line":109,"column":6},"end":{"line":151,"column":7}},"57":{"start":{"line":110,"column":28},"end":{"line":110,"column":45}},"58":{"start":{"line":111,"column":8},"end":{"line":111,"column":59}},"59":{"start":{"line":112,"column":8},"end":{"line":112,"column":25}},"60":{"start":{"line":114,"column":8},"end":{"line":128,"column":11}},"61":{"start":{"line":129,"column":8},"end":{"line":129,"column":116}},"62":{"start":{"line":130,"column":8},"end":{"line":130,"column":128}},"63":{"start":{"line":132,"column":13},"end":{"line":151,"column":7}},"64":{"start":{"line":133,"column":29},"end":{"line":133,"column":76}},"65":{"start":{"line":134,"column":8},"end":{"line":134,"column":29}},"66":{"start":{"line":135,"column":8},"end":{"line":140,"column":11}},"67":{"start":{"line":141,"column":8},"end":{"line":141,"column":120}},"68":{"start":{"line":144,"column":8},"end":{"line":144,"column":31}},"69":{"start":{"line":145,"column":8},"end":{"line":149,"column":11}},"70":{"start":{"line":150,"column":8},"end":{"line":150,"column":123}},"71":{"start":{"line":154,"column":6},"end":{"line":156,"column":7}},"72":{"start":{"line":155,"column":8},"end":{"line":155,"column":29}},"73":{"start":{"line":160,"column":4},"end":{"line":160,"column":25}},"74":{"start":{"line":163,"column":21},"end":{"line":163,"column":117}},"75":{"start":{"line":165,"column":4},"end":{"line":193,"column":5}},"76":{"start":{"line":166,"column":6},"end":{"line":188,"column":7}},"77":{"start":{"line":167,"column":8},"end":{"line":167,"column":35}},"78":{"start":{"line":168,"column":8},"end":{"line":186,"column":11}},"79":{"start":{"line":187,"column":8},"end":{"line":187,"column":132}},"80":{"start":{"line":190,"column":6},"end":{"line":192,"column":7}},"81":{"start":{"line":191,"column":8},"end":{"line":191,"column":29}},"82":{"start":{"line":196,"column":4},"end":{"line":196,"column":25}},"83":{"start":{"line":199,"column":4},"end":{"line":199,"column":29}},"84":{"start":{"line":200,"column":4},"end":{"line":200,"column":29}},"85":{"start":{"line":201,"column":4},"end":{"line":201,"column":46}},"86":{"start":{"line":202,"column":4},"end":{"line":202,"column":58}},"87":{"start":{"line":203,"column":4},"end":{"line":203,"column":66}},"88":{"start":{"line":204,"column":4},"end":{"line":204,"column":54}},"89":{"start":{"line":205,"column":4},"end":{"line":205,"column":21}},"90":{"start":{"line":207,"column":28},"end":{"line":207,"column":50}},"91":{"start":{"line":208,"column":4},"end":{"line":208,"column":89}},"92":{"start":{"line":210,"column":4},"end":{"line":214,"column":6}},"93":{"start":{"line":217,"column":4},"end":{"line":217,"column":60}},"94":{"start":{"line":218,"column":4},"end":{"line":218,"column":26}},"95":{"start":{"line":219,"column":4},"end":{"line":219,"column":37}},"96":{"start":{"line":220,"column":4},"end":{"line":220,"column":21}},"97":{"start":{"line":223,"column":4},"end":{"line":223,"column":153}},"98":{"start":{"line":224,"column":4},"end":{"line":224,"column":157}},"99":{"start":{"line":226,"column":4},"end":{"line":226,"column":16}},"100":{"start":{"line":230,"column":0},"end":{"line":232,"column":2}}},"fnMap":{"0":{"name":"(anonymous_0)","decl":{"start":{"line":10,"column":32},"end":{"line":10,"column":33}},"loc":{"start":{"line":10,"column":46},"end":{"line":14,"column":1}},"line":10},"1":{"name":"(anonymous_1)","decl":{"start":{"line":16,"column":30},"end":{"line":16,"column":31}},"loc":{"start":{"line":16,"column":57},"end":{"line":228,"column":1}},"line":16},"2":{"name":"(anonymous_2)","decl":{"start":{"line":42,"column":25},"end":{"line":42,"column":26}},"loc":{"start":{"line":42,"column":37},"end":{"line":49,"column":5}},"line":42},"3":{"name":"(anonymous_3)","decl":{"start":{"line":74,"column":48},"end":{"line":74,"column":49}},"loc":{"start":{"line":75,"column":8},"end":{"line":76,"column":107}},"line":75}},"branchMap":{"0":{"loc":{"start":{"line":11,"column":2},"end":{"line":11,"column":56}},"type":"if","locations":[{"start":{"line":11,"column":2},"end":{"line":11,"column":56}},{"start":{},"end":{}}],"line":11},"1":{"loc":{"start":{"line":12,"column":2},"end":{"line":12,"column":56}},"type":"if","locations":[{"start":{"line":12,"column":2},"end":{"line":12,"column":56}},{"start":{},"end":{}}],"line":12},"2":{"loc":{"start":{"line":43,"column":6},"end":{"line":43,"column":87}},"type":"if","locations":[{"start":{"line":43,"column":6},"end":{"line":43,"column":87}},{"start":{},"end":{}}],"line":43},"3":{"loc":{"start":{"line":44,"column":6},"end":{"line":44,"column":89}},"type":"if","locations":[{"start":{"line":44,"column":6},"end":{"line":44,"column":89}},{"start":{},"end":{}}],"line":44},"4":{"loc":{"start":{"line":45,"column":6},"end":{"line":45,"column":101}},"type":"if","locations":[{"start":{"line":45,"column":6},"end":{"line":45,"column":101}},{"start":{},"end":{}}],"line":45},"5":{"loc":{"start":{"line":75,"column":8},"end":{"line":76,"column":107}},"type":"binary-expr","locations":[{"start":{"line":75,"column":8},"end":{"line":75,"column":52}},{"start":{"line":76,"column":8},"end":{"line":76,"column":107}}],"line":75},"6":{"loc":{"start":{"line":81,"column":8},"end":{"line":88,"column":9}},"type":"if","locations":[{"start":{"line":81,"column":8},"end":{"line":88,"column":9}},{"start":{},"end":{}}],"line":81},"7":{"loc":{"start":{"line":82,"column":10},"end":{"line":87,"column":11}},"type":"if","locations":[{"start":{"line":82,"column":10},"end":{"line":87,"column":11}},{"start":{"line":85,"column":17},"end":{"line":87,"column":11}}],"line":82},"8":{"loc":{"start":{"line":85,"column":17},"end":{"line":87,"column":11}},"type":"if","locations":[{"start":{"line":85,"column":17},"end":{"line":87,"column":11}},{"start":{},"end":{}}],"line":85},"9":{"loc":{"start":{"line":109,"column":6},"end":{"line":151,"column":7}},"type":"if","locations":[{"start":{"line":109,"column":6},"end":{"line":151,"column":7}},{"start":{"line":132,"column":13},"end":{"line":151,"column":7}}],"line":109},"10":{"loc":{"start":{"line":132,"column":13},"end":{"line":151,"column":7}},"type":"if","locations":[{"start":{"line":132,"column":13},"end":{"line":151,"column":7}},{"start":{"line":143,"column":13},"end":{"line":151,"column":7}}],"line":132},"11":{"loc":{"start":{"line":154,"column":6},"end":{"line":156,"column":7}},"type":"if","locations":[{"start":{"line":154,"column":6},"end":{"line":156,"column":7}},{"start":{},"end":{}}],"line":154},"12":{"loc":{"start":{"line":166,"column":6},"end":{"line":188,"column":7}},"type":"if","locations":[{"start":{"line":166,"column":6},"end":{"line":188,"column":7}},{"start":{},"end":{}}],"line":166},"13":{"loc":{"start":{"line":190,"column":6},"end":{"line":192,"column":7}},"type":"if","locations":[{"start":{"line":190,"column":6},"end":{"line":192,"column":7}},{"start":{},"end":{}}],"line":190}},"s":{"0":2,"1":2,"2":2,"3":2,"4":2,"5":2,"6":2,"7":2,"8":2,"9":3,"10":1,"11":2,"12":0,"13":2,"14":2,"15":4,"16":4,"17":4,"18":4,"19":4,"20":4,"21":4,"22":4,"23":4,"24":4,"25":4,"26":4,"27":4,"28":8,"29":5,"30":8,"31":3,"32":8,"33":3,"34":8,"35":8,"36":8,"37":4,"38":4,"39":3,"40":3,"41":3,"42":3,"43":3,"44":3,"45":3,"46":4,"47":3,"48":3,"49":3,"50":3,"51":2,"52":2,"53":1,"54":1,"55":3,"56":3,"57":1,"58":1,"59":1,"60":1,"61":1,"62":1,"63":2,"64":1,"65":1,"66":1,"67":1,"68":1,"69":1,"70":1,"71":3,"72":0,"73":4,"74":4,"75":4,"76":3,"77":3,"78":3,"79":3,"80":3,"81":0,"82":4,"83":4,"84":4,"85":4,"86":4,"87":4,"88":4,"89":4,"90":4,"91":4,"92":4,"93":0,"94":0,"95":0,"96":0,"97":0,"98":0,"99":0,"100":2},"f":{"0":3,"1":4,"2":8,"3":4},"b":{"0":[1,2],"1":[0,2],"2":[5,3],"3":[3,5],"4":[3,5],"5":[4,4],"6":[3,0],"7":[2,1],"8":[1,0],"9":[1,2],"10":[1,1],"11":[0,3],"12":[3,0],"13":[0,3]},"_coverageSchema":"1a1c01bbd47fc00a2c39e90264f33305004495a9","hash":"60adf29649d5f9e5b35e74e824feb59cfb2d5845"}
,"C:\\Users\\biswa\\OneDrive\\Desktop\\KoinX-Assignment\\src\\services\\report.service.js": {"path":"C:\\Users\\biswa\\OneDrive\\Desktop\\KoinX-Assignment\\src\\services\\report.service.js","statementMap":{"0":{"start":{"line":1,"column":17},"end":{"line":1,"column":36}},"1":{"start":{"line":2,"column":29},"end":{"line":2,"column":76}},"2":{"start":{"line":7,"column":22},"end":{"line":35,"column":1}},"3":{"start":{"line":8,"column":17},"end":{"line":8,"column":47}},"4":{"start":{"line":10,"column":2},"end":{"line":10,"column":49}},"5":{"start":{"line":10,"column":20},"end":{"line":10,"column":49}},"6":{"start":{"line":11,"column":2},"end":{"line":11,"column":76}},"7":{"start":{"line":11,"column":20},"end":{"line":11,"column":76}},"8":{"start":{"line":14,"column":16},"end":{"line":14,"column":61}},"9":{"start":{"line":16,"column":21},"end":{"line":19,"column":11}},"10":{"start":{"line":21,"column":2},"end":{"line":23,"column":3}},"11":{"start":{"line":22,"column":4},"end":{"line":22,"column":28}},"12":{"start":{"line":25,"column":18},"end":{"line":25,"column":41}},"13":{"start":{"line":26,"column":16},"end":{"line":26,"column":65}},"14":{"start":{"line":28,"column":2},"end":{"line":34,"column":4}},"15":{"start":{"line":40,"column":22},"end":{"line":74,"column":1}},"16":{"start":{"line":41,"column":19},"end":{"line":70,"column":3}},"17":{"start":{"line":72,"column":17},"end":{"line":72,"column":63}},"18":{"start":{"line":73,"column":2},"end":{"line":73,"column":63}},"19":{"start":{"line":79,"column":21},"end":{"line":100,"column":1}},"20":{"start":{"line":80,"column":17},"end":{"line":83,"column":3}},"21":{"start":{"line":85,"column":18},"end":{"line":89,"column":11}},"22":{"start":{"line":91,"column":16},"end":{"line":91,"column":65}},"23":{"start":{"line":93,"column":2},"end":{"line":99,"column":4}},"24":{"start":{"line":102,"column":0},"end":{"line":106,"column":2}}},"fnMap":{"0":{"name":"(anonymous_0)","decl":{"start":{"line":7,"column":22},"end":{"line":7,"column":23}},"loc":{"start":{"line":7,"column":58},"end":{"line":35,"column":1}},"line":7},"1":{"name":"(anonymous_1)","decl":{"start":{"line":40,"column":22},"end":{"line":40,"column":23}},"loc":{"start":{"line":40,"column":39},"end":{"line":74,"column":1}},"line":40},"2":{"name":"(anonymous_2)","decl":{"start":{"line":79,"column":21},"end":{"line":79,"column":22}},"loc":{"start":{"line":79,"column":50},"end":{"line":100,"column":1}},"line":79}},"branchMap":{"0":{"loc":{"start":{"line":10,"column":2},"end":{"line":10,"column":49}},"type":"if","locations":[{"start":{"line":10,"column":2},"end":{"line":10,"column":49}},{"start":{},"end":{}}],"line":10},"1":{"loc":{"start":{"line":11,"column":2},"end":{"line":11,"column":76}},"type":"if","locations":[{"start":{"line":11,"column":2},"end":{"line":11,"column":76}},{"start":{},"end":{}}],"line":11},"2":{"loc":{"start":{"line":14,"column":16},"end":{"line":14,"column":61}},"type":"cond-expr","locations":[{"start":{"line":14,"column":41},"end":{"line":14,"column":42}},{"start":{"line":14,"column":45},"end":{"line":14,"column":61}}],"line":14},"3":{"loc":{"start":{"line":21,"column":2},"end":{"line":23,"column":3}},"type":"if","locations":[{"start":{"line":21,"column":2},"end":{"line":23,"column":3}},{"start":{},"end":{}}],"line":21},"4":{"loc":{"start":{"line":32,"column":16},"end":{"line":32,"column":56}},"type":"cond-expr","locations":[{"start":{"line":32,"column":28},"end":{"line":32,"column":52}},{"start":{"line":32,"column":55},"end":{"line":32,"column":56}}],"line":32},"5":{"loc":{"start":{"line":73,"column":9},"end":{"line":73,"column":62}},"type":"cond-expr","locations":[{"start":{"line":73,"column":29},"end":{"line":73,"column":38}},{"start":{"line":73,"column":41},"end":{"line":73,"column":62}}],"line":73}},"s":{"0":1,"1":1,"2":1,"3":0,"4":0,"5":0,"6":0,"7":0,"8":0,"9":0,"10":0,"11":0,"12":0,"13":0,"14":0,"15":1,"16":0,"17":0,"18":0,"19":1,"20":0,"21":0,"22":0,"23":0,"24":1},"f":{"0":0,"1":0,"2":0},"b":{"0":[0,0],"1":[0,0],"2":[0,0],"3":[0,0],"4":[0,0],"5":[0,0]},"_coverageSchema":"1a1c01bbd47fc00a2c39e90264f33305004495a9","hash":"2f757b57ad6a112f22da916a72da8cf9ec05c6c6"}
,"C:\\Users\\biswa\\OneDrive\\Desktop\\KoinX-Assignment\\src\\utils\\aliasMapper.js": {"path":"C:\\Users\\biswa\\OneDrive\\Desktop\\KoinX-Assignment\\src\\utils\\aliasMapper.js","statementMap":{"0":{"start":{"line":4,"column":23},"end":{"line":15,"column":1}},"1":{"start":{"line":5,"column":2},"end":{"line":5,"column":26}},"2":{"start":{"line":5,"column":14},"end":{"line":5,"column":26}},"3":{"start":{"line":6,"column":25},"end":{"line":6,"column":51}},"4":{"start":{"line":7,"column":19},"end":{"line":13,"column":3}},"5":{"start":{"line":14,"column":2},"end":{"line":14,"column":52}},"6":{"start":{"line":20,"column":22},"end":{"line":31,"column":1}},"7":{"start":{"line":21,"column":2},"end":{"line":21,"column":30}},"8":{"start":{"line":21,"column":13},"end":{"line":21,"column":30}},"9":{"start":{"line":22,"column":24},"end":{"line":22,"column":49}},"10":{"start":{"line":24,"column":2},"end":{"line":24,"column":85}},"11":{"start":{"line":24,"column":64},"end":{"line":24,"column":85}},"12":{"start":{"line":25,"column":2},"end":{"line":25,"column":91}},"13":{"start":{"line":25,"column":69},"end":{"line":25,"column":91}},"14":{"start":{"line":26,"column":2},"end":{"line":26,"column":52}},"15":{"start":{"line":26,"column":39},"end":{"line":26,"column":52}},"16":{"start":{"line":27,"column":2},"end":{"line":27,"column":54}},"17":{"start":{"line":27,"column":40},"end":{"line":27,"column":54}},"18":{"start":{"line":28,"column":2},"end":{"line":28,"column":64}},"19":{"start":{"line":28,"column":49},"end":{"line":28,"column":64}},"20":{"start":{"line":30,"column":2},"end":{"line":30,"column":23}},"21":{"start":{"line":33,"column":0},"end":{"line":36,"column":2}}},"fnMap":{"0":{"name":"(anonymous_0)","decl":{"start":{"line":4,"column":23},"end":{"line":4,"column":24}},"loc":{"start":{"line":4,"column":34},"end":{"line":15,"column":1}},"line":4},"1":{"name":"(anonymous_1)","decl":{"start":{"line":20,"column":22},"end":{"line":20,"column":23}},"loc":{"start":{"line":20,"column":32},"end":{"line":31,"column":1}},"line":20}},"branchMap":{"0":{"loc":{"start":{"line":5,"column":2},"end":{"line":5,"column":26}},"type":"if","locations":[{"start":{"line":5,"column":2},"end":{"line":5,"column":26}},{"start":{},"end":{}}],"line":5},"1":{"loc":{"start":{"line":14,"column":9},"end":{"line":14,"column":51}},"type":"binary-expr","locations":[{"start":{"line":14,"column":9},"end":{"line":14,"column":33}},{"start":{"line":14,"column":37},"end":{"line":14,"column":51}}],"line":14},"2":{"loc":{"start":{"line":21,"column":2},"end":{"line":21,"column":30}},"type":"if","locations":[{"start":{"line":21,"column":2},"end":{"line":21,"column":30}},{"start":{},"end":{}}],"line":21},"3":{"loc":{"start":{"line":24,"column":2},"end":{"line":24,"column":85}},"type":"if","locations":[{"start":{"line":24,"column":2},"end":{"line":24,"column":85}},{"start":{},"end":{}}],"line":24},"4":{"loc":{"start":{"line":25,"column":2},"end":{"line":25,"column":91}},"type":"if","locations":[{"start":{"line":25,"column":2},"end":{"line":25,"column":91}},{"start":{},"end":{}}],"line":25},"5":{"loc":{"start":{"line":26,"column":2},"end":{"line":26,"column":52}},"type":"if","locations":[{"start":{"line":26,"column":2},"end":{"line":26,"column":52}},{"start":{},"end":{}}],"line":26},"6":{"loc":{"start":{"line":27,"column":2},"end":{"line":27,"column":54}},"type":"if","locations":[{"start":{"line":27,"column":2},"end":{"line":27,"column":54}},{"start":{},"end":{}}],"line":27},"7":{"loc":{"start":{"line":28,"column":2},"end":{"line":28,"column":64}},"type":"if","locations":[{"start":{"line":28,"column":2},"end":{"line":28,"column":64}},{"start":{},"end":{}}],"line":28}},"s":{"0":2,"1":8,"2":2,"3":6,"4":6,"5":6,"6":2,"7":12,"8":2,"9":10,"10":10,"11":3,"12":7,"13":3,"14":4,"15":1,"16":3,"17":0,"18":3,"19":2,"20":1,"21":2},"f":{"0":8,"1":12},"b":{"0":[2,6],"1":[6,2],"2":[2,10],"3":[3,7],"4":[3,4],"5":[1,3],"6":[0,3],"7":[2,1]},"_coverageSchema":"1a1c01bbd47fc00a2c39e90264f33305004495a9","hash":"01b750c6702c3f59133ed49d17365c817f76b193"}
,"C:\\Users\\biswa\\OneDrive\\Desktop\\KoinX-Assignment\\src\\utils\\apiError.js": {"path":"C:\\Users\\biswa\\OneDrive\\Desktop\\KoinX-Assignment\\src\\utils\\apiError.js","statementMap":{"0":{"start":{"line":3,"column":4},"end":{"line":3,"column":19}},"1":{"start":{"line":4,"column":4},"end":{"line":4,"column":33}},"2":{"start":{"line":5,"column":4},"end":{"line":5,"column":39}},"3":{"start":{"line":6,"column":4},"end":{"line":10,"column":5}},"4":{"start":{"line":7,"column":6},"end":{"line":7,"column":25}},"5":{"start":{"line":9,"column":6},"end":{"line":9,"column":54}},"6":{"start":{"line":14,"column":0},"end":{"line":14,"column":26}}},"fnMap":{"0":{"name":"(anonymous_0)","decl":{"start":{"line":2,"column":2},"end":{"line":2,"column":3}},"loc":{"start":{"line":2,"column":69},"end":{"line":11,"column":3}},"line":2}},"branchMap":{"0":{"loc":{"start":{"line":2,"column":35},"end":{"line":2,"column":55}},"type":"default-arg","locations":[{"start":{"line":2,"column":51},"end":{"line":2,"column":55}}],"line":2},"1":{"loc":{"start":{"line":2,"column":57},"end":{"line":2,"column":67}},"type":"default-arg","locations":[{"start":{"line":2,"column":65},"end":{"line":2,"column":67}}],"line":2},"2":{"loc":{"start":{"line":6,"column":4},"end":{"line":10,"column":5}},"type":"if","locations":[{"start":{"line":6,"column":4},"end":{"line":10,"column":5}},{"start":{"line":8,"column":11},"end":{"line":10,"column":5}}],"line":6}},"s":{"0":1,"1":1,"2":1,"3":1,"4":0,"5":1,"6":1},"f":{"0":1},"b":{"0":[1],"1":[1],"2":[0,1]},"_coverageSchema":"1a1c01bbd47fc00a2c39e90264f33305004495a9","hash":"8d29a3c9ec94704fa4a99bb93adfa549edcbd6b4"}
,"C:\\Users\\biswa\\OneDrive\\Desktop\\KoinX-Assignment\\src\\utils\\apiResponse.js": {"path":"C:\\Users\\biswa\\OneDrive\\Desktop\\KoinX-Assignment\\src\\utils\\apiResponse.js","statementMap":{"0":{"start":{"line":4,"column":21},"end":{"line":10,"column":1}},"1":{"start":{"line":5,"column":2},"end":{"line":9,"column":5}},"2":{"start":{"line":12,"column":0},"end":{"line":14,"column":2}}},"fnMap":{"0":{"name":"(anonymous_0)","decl":{"start":{"line":4,"column":21},"end":{"line":4,"column":22}},"loc":{"start":{"line":4,"column":69},"end":{"line":10,"column":1}},"line":4}},"branchMap":{"0":{"loc":{"start":{"line":4,"column":45},"end":{"line":4,"column":64}},"type":"default-arg","locations":[{"start":{"line":4,"column":55},"end":{"line":4,"column":64}}],"line":4}},"s":{"0":1,"1":1,"2":1},"f":{"0":1},"b":{"0":[0]},"_coverageSchema":"1a1c01bbd47fc00a2c39e90264f33305004495a9","hash":"c95919ccc922bad94bd181564ef8f6ac601246d9"}
,"C:\\Users\\biswa\\OneDrive\\Desktop\\KoinX-Assignment\\src\\utils\\asyncHandler.js": {"path":"C:\\Users\\biswa\\OneDrive\\Desktop\\KoinX-Assignment\\src\\utils\\asyncHandler.js","statementMap":{"0":{"start":{"line":4,"column":21},"end":{"line":6,"column":1}},"1":{"start":{"line":4,"column":29},"end":{"line":6,"column":1}},"2":{"start":{"line":5,"column":2},"end":{"line":5,"column":64}},"3":{"start":{"line":5,"column":53},"end":{"line":5,"column":62}},"4":{"start":{"line":8,"column":0},"end":{"line":8,"column":30}}},"fnMap":{"0":{"name":"(anonymous_0)","decl":{"start":{"line":4,"column":21},"end":{"line":4,"column":22}},"loc":{"start":{"line":4,"column":29},"end":{"line":6,"column":1}},"line":4},"1":{"name":"(anonymous_1)","decl":{"start":{"line":4,"column":29},"end":{"line":4,"column":30}},"loc":{"start":{"line":4,"column":49},"end":{"line":6,"column":1}},"line":4},"2":{"name":"(anonymous_2)","decl":{"start":{"line":5,"column":44},"end":{"line":5,"column":45}},"loc":{"start":{"line":5,"column":53},"end":{"line":5,"column":62}},"line":5}},"branchMap":{},"s":{"0":1,"1":8,"2":2,"3":1,"4":1},"f":{"0":8,"1":2,"2":1},"b":{},"_coverageSchema":"1a1c01bbd47fc00a2c39e90264f33305004495a9","hash":"22f243edc72cb7575665ccec5f72d1aeaa224554"}
,"C:\\Users\\biswa\\OneDrive\\Desktop\\KoinX-Assignment\\src\\utils\\csvExporter.js": {"path":"C:\\Users\\biswa\\OneDrive\\Desktop\\KoinX-Assignment\\src\\utils\\csvExporter.js","statementMap":{"0":{"start":{"line":1,"column":19},"end":{"line":1,"column":38}},"1":{"start":{"line":2,"column":16},"end":{"line":2,"column":31}},"2":{"start":{"line":9,"column":20},"end":{"line":27,"column":1}},"3":{"start":{"line":10,"column":2},"end":{"line":12,"column":3}},"4":{"start":{"line":11,"column":4},"end":{"line":11,"column":14}},"5":{"start":{"line":15,"column":24},"end":{"line":15,"column":53}},"6":{"start":{"line":15,"column":40},"end":{"line":15,"column":52}},"7":{"start":{"line":18,"column":20},"end":{"line":18,"column":29}},"8":{"start":{"line":19,"column":2},"end":{"line":21,"column":5}},"9":{"start":{"line":20,"column":4},"end":{"line":20,"column":56}},"10":{"start":{"line":20,"column":36},"end":{"line":20,"column":54}},"11":{"start":{"line":23,"column":17},"end":{"line":23,"column":38}},"12":{"start":{"line":24,"column":25},"end":{"line":24,"column":47}},"13":{"start":{"line":26,"column":2},"end":{"line":26,"column":45}},"14":{"start":{"line":29,"column":0},"end":{"line":31,"column":2}}},"fnMap":{"0":{"name":"(anonymous_0)","decl":{"start":{"line":9,"column":20},"end":{"line":9,"column":21}},"loc":{"start":{"line":9,"column":30},"end":{"line":27,"column":1}},"line":9},"1":{"name":"(anonymous_1)","decl":{"start":{"line":15,"column":33},"end":{"line":15,"column":34}},"loc":{"start":{"line":15,"column":40},"end":{"line":15,"column":52}},"line":15},"2":{"name":"(anonymous_2)","decl":{"start":{"line":19,"column":24},"end":{"line":19,"column":25}},"loc":{"start":{"line":19,"column":31},"end":{"line":21,"column":3}},"line":19},"3":{"name":"(anonymous_3)","decl":{"start":{"line":20,"column":29},"end":{"line":20,"column":30}},"loc":{"start":{"line":20,"column":36},"end":{"line":20,"column":54}},"line":20}},"branchMap":{"0":{"loc":{"start":{"line":10,"column":2},"end":{"line":12,"column":3}},"type":"if","locations":[{"start":{"line":10,"column":2},"end":{"line":12,"column":3}},{"start":{},"end":{}}],"line":10},"1":{"loc":{"start":{"line":10,"column":6},"end":{"line":10,"column":32}},"type":"binary-expr","locations":[{"start":{"line":10,"column":6},"end":{"line":10,"column":11}},{"start":{"line":10,"column":15},"end":{"line":10,"column":32}}],"line":10}},"s":{"0":1,"1":1,"2":1,"3":0,"4":0,"5":0,"6":0,"7":0,"8":0,"9":0,"10":0,"11":0,"12":0,"13":0,"14":1},"f":{"0":0,"1":0,"2":0,"3":0},"b":{"0":[0,0],"1":[0,0]},"_coverageSchema":"1a1c01bbd47fc00a2c39e90264f33305004495a9","hash":"79b69970917b367e48f9b7a49456f0c33fba2014"}
,"C:\\Users\\biswa\\OneDrive\\Desktop\\KoinX-Assignment\\src\\utils\\csvParser.js": {"path":"C:\\Users\\biswa\\OneDrive\\Desktop\\KoinX-Assignment\\src\\utils\\csvParser.js","statementMap":{"0":{"start":{"line":1,"column":11},"end":{"line":1,"column":24}},"1":{"start":{"line":2,"column":12},"end":{"line":2,"column":33}},"2":{"start":{"line":11,"column":26},"end":{"line":45,"column":1}},"3":{"start":{"line":12,"column":2},"end":{"line":44,"column":5}},"4":{"start":{"line":13,"column":16},"end":{"line":13,"column":18}},"5":{"start":{"line":14,"column":19},"end":{"line":43,"column":8}},"6":{"start":{"line":17,"column":8},"end":{"line":17,"column":24}},"7":{"start":{"line":18,"column":8},"end":{"line":28,"column":9}},"8":{"start":{"line":20,"column":10},"end":{"line":20,"column":25}},"9":{"start":{"line":21,"column":10},"end":{"line":27,"column":11}},"10":{"start":{"line":22,"column":12},"end":{"line":22,"column":51}},"11":{"start":{"line":23,"column":12},"end":{"line":23,"column":23}},"12":{"start":{"line":24,"column":12},"end":{"line":24,"column":28}},"13":{"start":{"line":26,"column":12},"end":{"line":26,"column":34}},"14":{"start":{"line":32,"column":8},"end":{"line":38,"column":9}},"15":{"start":{"line":33,"column":10},"end":{"line":37,"column":11}},"16":{"start":{"line":34,"column":12},"end":{"line":34,"column":46}},"17":{"start":{"line":36,"column":12},"end":{"line":36,"column":33}},"18":{"start":{"line":39,"column":8},"end":{"line":39,"column":18}},"19":{"start":{"line":42,"column":8},"end":{"line":42,"column":22}},"20":{"start":{"line":47,"column":0},"end":{"line":49,"column":2}}},"fnMap":{"0":{"name":"(anonymous_0)","decl":{"start":{"line":11,"column":26},"end":{"line":11,"column":27}},"loc":{"start":{"line":11,"column":92},"end":{"line":45,"column":1}},"line":11},"1":{"name":"(anonymous_1)","decl":{"start":{"line":12,"column":21},"end":{"line":12,"column":22}},"loc":{"start":{"line":12,"column":42},"end":{"line":44,"column":3}},"line":12},"2":{"name":"(anonymous_2)","decl":{"start":{"line":16,"column":18},"end":{"line":16,"column":19}},"loc":{"start":{"line":16,"column":33},"end":{"line":29,"column":7}},"line":16},"3":{"name":"(anonymous_3)","decl":{"start":{"line":30,"column":17},"end":{"line":30,"column":18}},"loc":{"start":{"line":30,"column":29},"end":{"line":40,"column":7}},"line":30},"4":{"name":"(anonymous_4)","decl":{"start":{"line":41,"column":19},"end":{"line":41,"column":20}},"loc":{"start":{"line":41,"column":30},"end":{"line":43,"column":7}},"line":41}},"branchMap":{"0":{"loc":{"start":{"line":11,"column":70},"end":{"line":11,"column":87}},"type":"default-arg","locations":[{"start":{"line":11,"column":85},"end":{"line":11,"column":87}}],"line":11},"1":{"loc":{"start":{"line":18,"column":8},"end":{"line":28,"column":9}},"type":"if","locations":[{"start":{"line":18,"column":8},"end":{"line":28,"column":9}},{"start":{},"end":{}}],"line":18},"2":{"loc":{"start":{"line":32,"column":8},"end":{"line":38,"column":9}},"type":"if","locations":[{"start":{"line":32,"column":8},"end":{"line":38,"column":9}},{"start":{},"end":{}}],"line":32}},"s":{"0":1,"1":1,"2":1,"3":0,"4":0,"5":0,"6":0,"7":0,"8":0,"9":0,"10":0,"11":0,"12":0,"13":0,"14":0,"15":0,"16":0,"17":0,"18":0,"19":0,"20":1},"f":{"0":0,"1":0,"2":0,"3":0,"4":0},"b":{"0":[0],"1":[0,0],"2":[0,0]},"_coverageSchema":"1a1c01bbd47fc00a2c39e90264f33305004495a9","hash":"a4d95dcbbfe1b1429f65a14bc4cc1fa2f0ba30b3"}
,"C:\\Users\\biswa\\OneDrive\\Desktop\\KoinX-Assignment\\src\\utils\\logger.js": {"path":"C:\\Users\\biswa\\OneDrive\\Desktop\\KoinX-Assignment\\src\\utils\\logger.js","statementMap":{"0":{"start":{"line":1,"column":16},"end":{"line":1,"column":34}},"1":{"start":{"line":4,"column":29},"end":{"line":9,"column":2}},"2":{"start":{"line":5,"column":2},"end":{"line":7,"column":3}},"3":{"start":{"line":6,"column":4},"end":{"line":6,"column":49}},"4":{"start":{"line":8,"column":2},"end":{"line":8,"column":14}},"5":{"start":{"line":11,"column":15},"end":{"line":24,"column":2}},"6":{"start":{"line":17,"column":50},"end":{"line":17,"column":72}},"7":{"start":{"line":26,"column":0},"end":{"line":26,"column":24}}},"fnMap":{"0":{"name":"(anonymous_0)","decl":{"start":{"line":4,"column":44},"end":{"line":4,"column":45}},"loc":{"start":{"line":4,"column":54},"end":{"line":9,"column":1}},"line":4},"1":{"name":"(anonymous_1)","decl":{"start":{"line":17,"column":26},"end":{"line":17,"column":27}},"loc":{"start":{"line":17,"column":50},"end":{"line":17,"column":72}},"line":17}},"branchMap":{"0":{"loc":{"start":{"line":5,"column":2},"end":{"line":7,"column":3}},"type":"if","locations":[{"start":{"line":5,"column":2},"end":{"line":7,"column":3}},{"start":{},"end":{}}],"line":5},"1":{"loc":{"start":{"line":12,"column":9},"end":{"line":12,"column":66}},"type":"cond-expr","locations":[{"start":{"line":12,"column":50},"end":{"line":12,"column":57}},{"start":{"line":12,"column":60},"end":{"line":12,"column":66}}],"line":12},"2":{"loc":{"start":{"line":15,"column":4},"end":{"line":15,"column":100}},"type":"cond-expr","locations":[{"start":{"line":15,"column":45},"end":{"line":15,"column":70}},{"start":{"line":15,"column":73},"end":{"line":15,"column":100}}],"line":15}},"s":{"0":2,"1":2,"2":8,"3":0,"4":8,"5":2,"6":8,"7":2},"f":{"0":8,"1":8},"b":{"0":[0,8],"1":[0,2],"2":[0,2]},"_coverageSchema":"1a1c01bbd47fc00a2c39e90264f33305004495a9","hash":"44195aa73abd3a2fa1b3c1518c74f28d23fa2c15"}
,"C:\\Users\\biswa\\OneDrive\\Desktop\\KoinX-Assignment\\src\\utils\\validator.js": {"path":"C:\\Users\\biswa\\OneDrive\\Desktop\\KoinX-Assignment\\src\\utils\\validator.js","statementMap":{"0":{"start":{"line":1,"column":42},"end":{"line":1,"column":66}},"1":{"start":{"line":7,"column":32},"end":{"line":59,"column":1}},"2":{"start":{"line":8,"column":79},"end":{"line":8,"column":82}},"3":{"start":{"line":10,"column":2},"end":{"line":12,"column":3}},"4":{"start":{"line":11,"column":4},"end":{"line":11,"column":109}},"5":{"start":{"line":14,"column":2},"end":{"line":16,"column":3}},"6":{"start":{"line":15,"column":4},"end":{"line":15,"column":100}},"7":{"start":{"line":19,"column":2},"end":{"line":21,"column":3}},"8":{"start":{"line":20,"column":4},"end":{"line":20,"column":110}},"9":{"start":{"line":23,"column":26},"end":{"line":23,"column":45}},"10":{"start":{"line":24,"column":2},"end":{"line":26,"column":3}},"11":{"start":{"line":25,"column":4},"end":{"line":25,"column":112}},"12":{"start":{"line":29,"column":2},"end":{"line":31,"column":3}},"13":{"start":{"line":30,"column":4},"end":{"line":30,"column":106}},"14":{"start":{"line":33,"column":22},"end":{"line":33,"column":38}},"15":{"start":{"line":34,"column":2},"end":{"line":36,"column":3}},"16":{"start":{"line":35,"column":4},"end":{"line":35,"column":114}},"17":{"start":{"line":38,"column":2},"end":{"line":40,"column":3}},"18":{"start":{"line":39,"column":4},"end":{"line":39,"column":117}},"19":{"start":{"line":42,"column":25},"end":{"line":42,"column":44}},"20":{"start":{"line":43,"column":2},"end":{"line":45,"column":3}},"21":{"start":{"line":44,"column":4},"end":{"line":44,"column":110}},"22":{"start":{"line":47,"column":2},"end":{"line":58,"column":4}},"23":{"start":{"line":61,"column":0},"end":{"line":63,"column":2}}},"fnMap":{"0":{"name":"(anonymous_0)","decl":{"start":{"line":7,"column":32},"end":{"line":7,"column":33}},"loc":{"start":{"line":7,"column":41},"end":{"line":59,"column":1}},"line":7}},"branchMap":{"0":{"loc":{"start":{"line":10,"column":2},"end":{"line":12,"column":3}},"type":"if","locations":[{"start":{"line":10,"column":2},"end":{"line":12,"column":3}},{"start":{},"end":{}}],"line":10},"1":{"loc":{"start":{"line":14,"column":2},"end":{"line":16,"column":3}},"type":"if","locations":[{"start":{"line":14,"column":2},"end":{"line":16,"column":3}},{"start":{},"end":{}}],"line":14},"2":{"loc":{"start":{"line":19,"column":2},"end":{"line":21,"column":3}},"type":"if","locations":[{"start":{"line":19,"column":2},"end":{"line":21,"column":3}},{"start":{},"end":{}}],"line":19},"3":{"loc":{"start":{"line":24,"column":2},"end":{"line":26,"column":3}},"type":"if","locations":[{"start":{"line":24,"column":2},"end":{"line":26,"column":3}},{"start":{},"end":{}}],"line":24},"4":{"loc":{"start":{"line":29,"column":2},"end":{"line":31,"column":3}},"type":"if","locations":[{"start":{"line":29,"column":2},"end":{"line":31,"column":3}},{"start":{},"end":{}}],"line":29},"5":{"loc":{"start":{"line":34,"column":2},"end":{"line":36,"column":3}},"type":"if","locations":[{"start":{"line":34,"column":2},"end":{"line":36,"column":3}},{"start":{},"end":{}}],"line":34},"6":{"loc":{"start":{"line":38,"column":2},"end":{"line":40,"column":3}},"type":"if","locations":[{"start":{"line":38,"column":2},"end":{"line":40,"column":3}},{"start":{},"end":{}}],"line":38},"7":{"loc":{"start":{"line":43,"column":2},"end":{"line":45,"column":3}},"type":"if","locations":[{"start":{"line":43,"column":2},"end":{"line":45,"column":3}},{"start":{},"end":{}}],"line":43},"8":{"loc":{"start":{"line":43,"column":6},"end":{"line":43,"column":53}},"type":"binary-expr","locations":[{"start":{"line":43,"column":6},"end":{"line":43,"column":34}},{"start":{"line":43,"column":38},"end":{"line":43,"column":53}}],"line":43}},"s":{"0":1,"1":1,"2":0,"3":0,"4":0,"5":0,"6":0,"7":0,"8":0,"9":0,"10":0,"11":0,"12":0,"13":0,"14":0,"15":0,"16":0,"17":0,"18":0,"19":0,"20":0,"21":0,"22":0,"23":1},"f":{"0":0},"b":{"0":[0,0],"1":[0,0],"2":[0,0],"3":[0,0],"4":[0,0],"5":[0,0],"6":[0,0],"7":[0,0],"8":[0,0]},"_coverageSchema":"1a1c01bbd47fc00a2c39e90264f33305004495a9","hash":"cbc022c53474188166ea1ee5c148de0e95bd17a3"}
,"C:\\Users\\biswa\\OneDrive\\Desktop\\KoinX-Assignment\\src\\utils\\matching\\conflictAnalyzer.js": {"path":"C:\\Users\\biswa\\OneDrive\\Desktop\\KoinX-Assignment\\src\\utils\\matching\\conflictAnalyzer.js","statementMap":{"0":{"start":{"line":1,"column":66},"end":{"line":1,"column":98}},"1":{"start":{"line":6,"column":24},"end":{"line":20,"column":1}},"2":{"start":{"line":7,"column":2},"end":{"line":9,"column":3}},"3":{"start":{"line":8,"column":4},"end":{"line":8,"column":28}},"4":{"start":{"line":11,"column":2},"end":{"line":13,"column":3}},"5":{"start":{"line":12,"column":4},"end":{"line":12,"column":32}},"6":{"start":{"line":15,"column":2},"end":{"line":17,"column":3}},"7":{"start":{"line":16,"column":4},"end":{"line":16,"column":31}},"8":{"start":{"line":19,"column":2},"end":{"line":19,"column":28}},"9":{"start":{"line":25,"column":35},"end":{"line":31,"column":1}},"10":{"start":{"line":26,"column":2},"end":{"line":30,"column":4}},"11":{"start":{"line":29,"column":38},"end":{"line":29,"column":63}},"12":{"start":{"line":33,"column":0},"end":{"line":36,"column":2}}},"fnMap":{"0":{"name":"(anonymous_0)","decl":{"start":{"line":6,"column":24},"end":{"line":6,"column":25}},"loc":{"start":{"line":6,"column":60},"end":{"line":20,"column":1}},"line":6},"1":{"name":"(anonymous_1)","decl":{"start":{"line":25,"column":35},"end":{"line":25,"column":36}},"loc":{"start":{"line":25,"column":59},"end":{"line":31,"column":1}},"line":25},"2":{"name":"(anonymous_2)","decl":{"start":{"line":29,"column":33},"end":{"line":29,"column":34}},"loc":{"start":{"line":29,"column":38},"end":{"line":29,"column":63}},"line":29}},"branchMap":{"0":{"loc":{"start":{"line":7,"column":2},"end":{"line":9,"column":3}},"type":"if","locations":[{"start":{"line":7,"column":2},"end":{"line":9,"column":3}},{"start":{},"end":{}}],"line":7},"1":{"loc":{"start":{"line":11,"column":2},"end":{"line":13,"column":3}},"type":"if","locations":[{"start":{"line":11,"column":2},"end":{"line":13,"column":3}},{"start":{},"end":{}}],"line":11},"2":{"loc":{"start":{"line":15,"column":2},"end":{"line":17,"column":3}},"type":"if","locations":[{"start":{"line":15,"column":2},"end":{"line":17,"column":3}},{"start":{},"end":{}}],"line":15}},"s":{"0":2,"1":2,"2":0,"3":0,"4":0,"5":0,"6":0,"7":0,"8":0,"9":2,"10":1,"11":2,"12":2},"f":{"0":0,"1":1,"2":2},"b":{"0":[0,0],"1":[0,0],"2":[0,0]},"_coverageSchema":"1a1c01bbd47fc00a2c39e90264f33305004495a9","hash":"d3490d2af1c6898be4225747aee2a0a09d2f5f50"}
,"C:\\Users\\biswa\\OneDrive\\Desktop\\KoinX-Assignment\\src\\utils\\matching\\matchScorer.js": {"path":"C:\\Users\\biswa\\OneDrive\\Desktop\\KoinX-Assignment\\src\\utils\\matching\\matchScorer.js","statementMap":{"0":{"start":{"line":5,"column":23},"end":{"line":33,"column":1}},"1":{"start":{"line":6,"column":14},"end":{"line":6,"column":17}},"2":{"start":{"line":7,"column":62},"end":{"line":7,"column":72}},"3":{"start":{"line":9,"column":13},"end":{"line":9,"column":49}},"4":{"start":{"line":10,"column":13},"end":{"line":10,"column":53}},"5":{"start":{"line":11,"column":22},"end":{"line":11,"column":46}},"6":{"start":{"line":14,"column":2},"end":{"line":17,"column":3}},"7":{"start":{"line":15,"column":24},"end":{"line":15,"column":84}},"8":{"start":{"line":16,"column":4},"end":{"line":16,"column":25}},"9":{"start":{"line":19,"column":13},"end":{"line":19,"column":55}},"10":{"start":{"line":20,"column":13},"end":{"line":20,"column":59}},"11":{"start":{"line":23,"column":2},"end":{"line":30,"column":3}},"12":{"start":{"line":24,"column":17},"end":{"line":24,"column":34}},"13":{"start":{"line":25,"column":16},"end":{"line":25,"column":29}},"14":{"start":{"line":26,"column":20},"end":{"line":26,"column":30}},"15":{"start":{"line":28,"column":26},"end":{"line":28,"column":77}},"16":{"start":{"line":29,"column":4},"end":{"line":29,"column":27}},"17":{"start":{"line":32,"column":2},"end":{"line":32,"column":39}},"18":{"start":{"line":35,"column":0},"end":{"line":37,"column":2}}},"fnMap":{"0":{"name":"(anonymous_0)","decl":{"start":{"line":5,"column":23},"end":{"line":5,"column":24}},"loc":{"start":{"line":5,"column":59},"end":{"line":33,"column":1}},"line":5}},"branchMap":{"0":{"loc":{"start":{"line":14,"column":2},"end":{"line":17,"column":3}},"type":"if","locations":[{"start":{"line":14,"column":2},"end":{"line":17,"column":3}},{"start":{},"end":{}}],"line":14},"1":{"loc":{"start":{"line":14,"column":6},"end":{"line":14,"column":54}},"type":"binary-expr","locations":[{"start":{"line":14,"column":6},"end":{"line":14,"column":21}},{"start":{"line":14,"column":25},"end":{"line":14,"column":54}}],"line":14},"2":{"loc":{"start":{"line":23,"column":2},"end":{"line":30,"column":3}},"type":"if","locations":[{"start":{"line":23,"column":2},"end":{"line":30,"column":3}},{"start":{},"end":{}}],"line":23},"3":{"loc":{"start":{"line":23,"column":6},"end":{"line":23,"column":43}},"type":"binary-expr","locations":[{"start":{"line":23,"column":6},"end":{"line":23,"column":15}},{"start":{"line":23,"column":19},"end":{"line":23,"column":43}}],"line":23}},"s":{"0":3,"1":6,"2":6,"3":6,"4":6,"5":6,"6":6,"7":1,"8":1,"9":6,"10":6,"11":6,"12":1,"13":1,"14":1,"15":1,"16":1,"17":6,"18":3},"f":{"0":6},"b":{"0":[1,5],"1":[6,1],"2":[1,5],"3":[6,1]},"_coverageSchema":"1a1c01bbd47fc00a2c39e90264f33305004495a9","hash":"bc69f820c7c942ee2dac00b45139f9ca60c90109"}
,"C:\\Users\\biswa\\OneDrive\\Desktop\\KoinX-Assignment\\src\\utils\\matching\\toleranceCalculator.js": {"path":"C:\\Users\\biswa\\OneDrive\\Desktop\\KoinX-Assignment\\src\\utils\\matching\\toleranceCalculator.js","statementMap":{"0":{"start":{"line":4,"column":35},"end":{"line":8,"column":1}},"1":{"start":{"line":5,"column":2},"end":{"line":5,"column":37}},"2":{"start":{"line":5,"column":24},"end":{"line":5,"column":37}},"3":{"start":{"line":6,"column":22},"end":{"line":6,"column":72}},"4":{"start":{"line":7,"column":2},"end":{"line":7,"column":41}},"5":{"start":{"line":13,"column":34},"end":{"line":27,"column":1}},"6":{"start":{"line":14,"column":2},"end":{"line":14,"column":35}},"7":{"start":{"line":14,"column":22},"end":{"line":14,"column":35}},"8":{"start":{"line":16,"column":15},"end":{"line":16,"column":38}},"9":{"start":{"line":17,"column":15},"end":{"line":17,"column":38}},"10":{"start":{"line":19,"column":2},"end":{"line":19,"column":33}},"11":{"start":{"line":19,"column":21},"end":{"line":19,"column":33}},"12":{"start":{"line":20,"column":2},"end":{"line":20,"column":45}},"13":{"start":{"line":20,"column":32},"end":{"line":20,"column":45}},"14":{"start":{"line":22,"column":15},"end":{"line":22,"column":36}},"15":{"start":{"line":23,"column":14},"end":{"line":23,"column":31}},"16":{"start":{"line":24,"column":18},"end":{"line":24,"column":28}},"17":{"start":{"line":26,"column":2},"end":{"line":26,"column":33}},"18":{"start":{"line":29,"column":0},"end":{"line":32,"column":2}}},"fnMap":{"0":{"name":"(anonymous_0)","decl":{"start":{"line":4,"column":35},"end":{"line":4,"column":36}},"loc":{"start":{"line":4,"column":71},"end":{"line":8,"column":1}},"line":4},"1":{"name":"(anonymous_1)","decl":{"start":{"line":13,"column":34},"end":{"line":13,"column":35}},"loc":{"start":{"line":13,"column":64},"end":{"line":27,"column":1}},"line":13}},"branchMap":{"0":{"loc":{"start":{"line":5,"column":2},"end":{"line":5,"column":37}},"type":"if","locations":[{"start":{"line":5,"column":2},"end":{"line":5,"column":37}},{"start":{},"end":{}}],"line":5},"1":{"loc":{"start":{"line":5,"column":6},"end":{"line":5,"column":22}},"type":"binary-expr","locations":[{"start":{"line":5,"column":6},"end":{"line":5,"column":12}},{"start":{"line":5,"column":16},"end":{"line":5,"column":22}}],"line":5},"2":{"loc":{"start":{"line":14,"column":2},"end":{"line":14,"column":35}},"type":"if","locations":[{"start":{"line":14,"column":2},"end":{"line":14,"column":35}},{"start":{},"end":{}}],"line":14},"3":{"loc":{"start":{"line":14,"column":6},"end":{"line":14,"column":20}},"type":"binary-expr","locations":[{"start":{"line":14,"column":6},"end":{"line":14,"column":11}},{"start":{"line":14,"column":15},"end":{"line":14,"column":20}}],"line":14},"4":{"loc":{"start":{"line":19,"column":2},"end":{"line":19,"column":33}},"type":"if","locations":[{"start":{"line":19,"column":2},"end":{"line":19,"column":33}},{"start":{},"end":{}}],"line":19},"5":{"loc":{"start":{"line":20,"column":2},"end":{"line":20,"column":45}},"type":"if","locations":[{"start":{"line":20,"column":2},"end":{"line":20,"column":45}},{"start":{},"end":{}}],"line":20},"6":{"loc":{"start":{"line":20,"column":6},"end":{"line":20,"column":30}},"type":"binary-expr","locations":[{"start":{"line":20,"column":6},"end":{"line":20,"column":16}},{"start":{"line":20,"column":20},"end":{"line":20,"column":30}}],"line":20}},"s":{"0":3,"1":5,"2":2,"3":3,"4":3,"5":3,"6":11,"7":0,"8":11,"9":11,"10":11,"11":5,"12":6,"13":1,"14":5,"15":5,"16":5,"17":5,"18":3},"f":{"0":5,"1":11},"b":{"0":[2,3],"1":[5,4],"2":[0,11],"3":[11,11],"4":[5,6],"5":[1,5],"6":[6,5]},"_coverageSchema":"1a1c01bbd47fc00a2c39e90264f33305004495a9","hash":"79490c787fe58c3fbca1788ff35c027fa69f1b55"}
}
