TN:
SF:src\app.js
FN:37,(anonymous_0)
FN:42,(anonymous_1)
FNF:2
FNH:0
FNDA:0,(anonymous_0)
FNDA:0,(anonymous_1)
DA:1,1
DA:2,1
DA:3,1
DA:4,1
DA:5,1
DA:6,1
DA:7,1
DA:8,1
DA:10,1
DA:12,1
DA:13,0
DA:14,0
DA:18,1
DA:21,1
DA:24,1
DA:27,1
DA:30,1
DA:34,1
DA:37,1
DA:38,0
DA:42,1
DA:43,0
DA:47,1
DA:50,1
DA:52,1
LF:25
LH:21
BRDA:12,0,0,0
BRDA:12,0,1,1
BRF:2
BRH:1
end_of_record
TN:
SF:src\config\reconciliation.config.js
FN:39,(anonymous_0)
FNF:1
FNH:1
FNDA:2,(anonymous_0)
DA:1,1
DA:3,1
DA:13,1
DA:15,1
DA:16,0
DA:19,1
DA:27,1
DA:39,1
DA:40,2
DA:41,2
DA:42,1
DA:45,1
DA:48,1
LF:13
LH:12
BRDA:15,0,0,0
BRDA:15,0,1,1
BRDA:39,1,0,0
BRDA:41,2,0,1
BRDA:41,2,1,1
BRF:5
BRH:3
end_of_record
TN:
SF:src\controllers\dataQuality.controller.js
FN:8,(anonymous_0)
FN:21,(anonymous_1)
FNF:2
FNH:0
FNDA:0,(anonymous_0)
FNDA:0,(anonymous_1)
DA:1,1
DA:2,1
DA:3,1
DA:8,1
DA:10,0
DA:11,0
DA:13,0
DA:15,0
DA:21,1
DA:22,0
DA:23,0
DA:24,0
DA:27,1
LF:13
LH:6
BRF:0
BRH:0
end_of_record
TN:
SF:src\controllers\health.controller.js
FN:4,(anonymous_0)
FNF:1
FNH:0
FNDA:0,(anonymous_0)
DA:1,1
DA:2,1
DA:4,1
DA:5,0
DA:10,0
DA:13,1
LF:6
LH:4
BRF:0
BRH:0
end_of_record
TN:
SF:src\controllers\reconcile.controller.js
FN:7,(anonymous_0)
FNF:1
FNH:1
FNDA:2,(anonymous_0)
DA:1,1
DA:2,1
DA:3,1
DA:4,1
DA:5,1
DA:7,1
DA:8,2
DA:11,2
DA:12,2
DA:14,1
DA:17,1
DA:19,1
DA:22,1
LF:13
LH:13
BRDA:8,0,0,0
BRF:1
BRH:0
end_of_record
TN:
SF:src\controllers\report.controller.js
FN:9,(anonymous_0)
FN:31,(anonymous_1)
FN:40,(anonymous_2)
FNF:3
FNH:0
FNDA:0,(anonymous_0)
FNDA:0,(anonymous_1)
FNDA:0,(anonymous_2)
DA:1,1
DA:2,1
DA:3,1
DA:4,1
DA:9,1
DA:10,0
DA:13,0
DA:14,0
DA:16,0
DA:18,0
DA:19,0
DA:20,0
DA:21,0
DA:22,0
DA:25,0
DA:31,1
DA:32,0
DA:33,0
DA:34,0
DA:40,1
DA:41,0
DA:43,0
DA:46,0
DA:47,0
DA:48,0
DA:49,0
DA:50,0
DA:53,0
DA:56,1
LF:29
LH:8
BRDA:18,0,0,0
BRDA:18,0,1,0
BRDA:46,1,0,0
BRDA:46,1,1,0
BRF:4
BRH:0
end_of_record
TN:
SF:src\controllers\upload.controller.js
FN:7,(anonymous_0)
FNF:1
FNH:0
FNDA:0,(anonymous_0)
DA:1,1
DA:2,1
DA:3,1
DA:4,1
DA:5,1
DA:7,1
DA:8,0
DA:9,0
DA:12,0
DA:13,0
DA:15,0
DA:16,0
DA:19,0
DA:20,0
DA:22,0
DA:25,0
DA:26,0
DA:27,0
DA:31,1
LF:19
LH:7
BRDA:8,0,0,0
BRDA:8,0,1,0
BRDA:8,1,0,0
BRDA:8,1,1,0
BRDA:8,1,2,0
BRDA:25,2,0,0
BRDA:25,2,1,0
BRDA:26,3,0,0
BRDA:26,3,1,0
BRF:9
BRH:0
end_of_record
TN:
SF:src\middlewares\error.middleware.js
FN:4,(anonymous_0)
FN:15,(anonymous_1)
FNF:2
FNH:2
FNDA:1,(anonymous_0)
FNDA:1,(anonymous_1)
DA:1,1
DA:2,1
DA:4,1
DA:5,1
DA:6,1
DA:8,0
DA:9,0
DA:10,0
DA:12,1
DA:15,1
DA:16,1
DA:17,1
DA:18,0
DA:19,0
DA:22,1
DA:24,1
DA:30,1
DA:31,0
DA:34,1
DA:37,1
LF:20
LH:14
BRDA:6,0,0,0
BRDA:6,0,1,1
BRDA:8,1,0,0
BRDA:8,1,1,0
BRDA:8,2,0,0
BRDA:8,2,1,0
BRDA:9,3,0,0
BRDA:9,3,1,0
BRDA:17,4,0,0
BRDA:17,4,1,1
BRDA:17,5,0,1
BRDA:17,5,1,0
BRDA:27,6,0,1
BRDA:27,6,1,0
BRDA:30,7,0,0
BRDA:30,7,1,1
BRF:16
BRH:5
end_of_record
TN:
SF:src\middlewares\logger.middleware.js
FN:4,(anonymous_0)
FN:6,(anonymous_1)
FN:11,(anonymous_2)
FN:12,(anonymous_3)
FN:16,(anonymous_4)
FN:17,(anonymous_5)
FNF:6
FNH:1
FNDA:0,(anonymous_0)
FNDA:2,(anonymous_1)
FNDA:0,(anonymous_2)
FNDA:0,(anonymous_3)
FNDA:0,(anonymous_4)
FNDA:0,(anonymous_5)
DA:1,1
DA:2,1
DA:4,1
DA:6,2
DA:7,1
DA:8,1
DA:10,1
DA:11,0
DA:12,0
DA:15,1
DA:16,0
DA:17,0
DA:20,1
LF:13
LH:9
BRDA:4,0,0,0
BRDA:4,0,1,0
BRDA:6,1,0,0
BRDA:6,1,1,2
BRF:4
BRH:1
end_of_record
TN:
SF:src\middlewares\pagination.middleware.js
FN:1,(anonymous_0)
FNF:1
FNH:0
FNDA:0,(anonymous_0)
DA:1,1
DA:2,0
DA:3,0
DA:4,0
DA:5,0
DA:8,0
DA:10,0
DA:17,0
DA:20,1
LF:9
LH:2
BRDA:2,0,0,0
BRDA:2,0,1,0
BRDA:3,1,0,0
BRDA:3,1,1,0
BRDA:4,2,0,0
BRDA:4,2,1,0
BRDA:5,3,0,0
BRDA:5,3,1,0
BRDA:8,4,0,0
BRDA:8,4,1,0
BRF:10
BRH:0
end_of_record
TN:
SF:src\middlewares\upload.middleware.js
FN:12,(anonymous_0)
FN:15,(anonymous_1)
FN:21,(anonymous_2)
FNF:3
FNH:0
FNDA:0,(anonymous_0)
FNDA:0,(anonymous_1)
FNDA:0,(anonymous_2)
DA:1,1
DA:2,1
DA:3,1
DA:6,1
DA:7,1
DA:8,0
DA:11,1
DA:13,0
DA:16,0
DA:17,0
DA:21,1
DA:22,0
DA:23,0
DA:25,0
DA:29,1
DA:37,1
LF:16
LH:9
BRDA:7,0,0,0
BRDA:7,0,1,1
BRDA:22,1,0,0
BRDA:22,1,1,0
BRDA:22,2,0,0
BRDA:22,2,1,0
BRF:6
BRH:1
end_of_record
TN:
SF:src\models\DataQualityIssue.model.js
FNF:0
FNH:0
DA:1,1
DA:3,1
DA:54,1
DA:55,1
DA:57,1
DA:58,1
LF:6
LH:6
BRF:0
BRH:0
end_of_record
TN:
SF:src\models\ExchangeTransaction.model.js
FNF:0
FNH:0
DA:1,2
DA:3,2
DA:54,2
DA:55,2
DA:56,2
DA:59,2
DA:66,2
DA:67,2
LF:8
LH:8
BRF:0
BRH:0
end_of_record
TN:
SF:src\models\ReconciliationResult.model.js
FNF:0
FNH:0
DA:1,2
DA:3,2
DA:59,2
DA:61,2
DA:62,2
LF:5
LH:5
BRF:0
BRH:0
end_of_record
TN:
SF:src\models\ReconciliationRun.model.js
FNF:0
FNH:0
DA:1,2
DA:3,2
DA:44,2
DA:45,2
LF:4
LH:4
BRF:0
BRH:0
end_of_record
TN:
SF:src\models\UserTransaction.model.js
FNF:0
FNH:0
DA:1,2
DA:3,2
DA:54,2
DA:55,2
DA:56,2
DA:59,2
DA:62,2
DA:69,2
DA:70,2
LF:9
LH:9
BRF:0
BRH:0
end_of_record
TN:
SF:src\routes\v1\dataQuality.route.js
FNF:0
FNH:0
DA:1,1
DA:2,1
DA:3,1
DA:5,1
DA:7,1
DA:8,1
DA:10,1
LF:7
LH:7
BRF:0
BRH:0
end_of_record
TN:
SF:src\routes\v1\health.route.js
FNF:0
FNH:0
DA:1,1
DA:2,1
DA:4,1
DA:6,1
DA:8,1
LF:5
LH:5
BRF:0
BRH:0
end_of_record
TN:
SF:src\routes\v1\index.js
FN:33,(anonymous_0)
FNF:1
FNH:1
FNDA:5,(anonymous_0)
DA:1,1
DA:2,1
DA:3,1
DA:4,1
DA:5,1
DA:6,1
DA:8,1
DA:10,1
DA:33,1
DA:34,5
DA:37,1
LF:11
LH:11
BRF:0
BRH:0
end_of_record
TN:
SF:src\routes\v1\reconcile.route.js
FNF:0
FNH:0
DA:1,1
DA:2,1
DA:4,1
DA:6,1
DA:8,1
LF:5
LH:5
BRF:0
BRH:0
end_of_record
TN:
SF:src\routes\v1\report.route.js
FNF:0
FNH:0
DA:1,1
DA:2,1
DA:3,1
DA:5,1
DA:7,1
DA:8,1
DA:9,1
DA:11,1
LF:8
LH:8
BRF:0
BRH:0
end_of_record
TN:
SF:src\routes\v1\upload.route.js
FNF:0
FNH:0
DA:1,1
DA:2,1
DA:3,1
DA:5,1
DA:7,1
DA:15,1
LF:6
LH:6
BRF:0
BRH:0
end_of_record
TN:
SF:src\services\dataQuality.service.js
FN:7,(anonymous_0)
FN:35,(anonymous_1)
FNF:2
FNH:0
FNDA:0,(anonymous_0)
FNDA:0,(anonymous_1)
DA:1,1
DA:2,1
DA:7,1
DA:8,0
DA:10,0
DA:11,0
DA:12,0
DA:13,0
DA:15,0
DA:21,0
DA:23,0
DA:35,1
DA:36,0
DA:38,0
DA:58,0
DA:60,0
DA:61,0
DA:64,0
DA:66,0
DA:73,1
LF:20
LH:5
BRDA:10,0,0,0
BRDA:10,0,1,0
BRDA:11,1,0,0
BRDA:11,1,1,0
BRDA:12,2,0,0
BRDA:12,2,1,0
BRDA:13,3,0,0
BRDA:13,3,1,0
BRDA:36,4,0,0
BRDA:36,4,1,0
BRDA:60,5,0,0
BRDA:60,5,1,0
BRDA:60,6,0,0
BRDA:60,6,1,0
BRDA:67,7,0,0
BRDA:67,7,1,0
BRF:16
BRH:0
end_of_record
TN:
SF:src\services\ingestion.service.js
FN:14,(anonymous_0)
FN:21,(anonymous_1)
FN:98,(anonymous_2)
FNF:3
FNH:0
FNDA:0,(anonymous_0)
FNDA:0,(anonymous_1)
FNDA:0,(anonymous_2)
DA:1,1
DA:2,1
DA:3,1
DA:4,1
DA:5,1
DA:6,1
DA:7,1
DA:8,1
DA:9,1
DA:14,1
DA:15,0
DA:17,0
DA:18,0
DA:19,0
DA:21,0
DA:22,0
DA:23,0
DA:24,0
DA:26,0
DA:27,0
DA:29,0
DA:30,0
DA:43,0
DA:44,0
DA:48,0
DA:49,0
DA:50,0
DA:59,0
DA:60,0
DA:62,0
DA:64,0
DA:71,0
DA:75,0
DA:76,0
DA:77,0
DA:80,0
DA:85,0
DA:86,0
DA:90,0
DA:92,0
DA:98,1
DA:99,0
DA:102,0
DA:109,0
DA:110,0
DA:113,0
DA:120,0
DA:127,0
DA:132,0
DA:133,0
DA:135,0
DA:137,0
DA:146,0
DA:147,0
DA:148,0
DA:149,0
DA:150,0
DA:151,0
DA:155,1
LF:59
LH:12
BRDA:29,0,0,0
BRDA:29,0,1,0
BRDA:48,1,0,0
BRDA:48,1,1,0
BRDA:75,2,0,0
BRDA:75,2,1,0
BRDA:85,3,0,0
BRDA:85,3,1,0
BRF:8
BRH:0
end_of_record
TN:
SF:src\services\reconciliation.service.js
FN:10,(anonymous_0)
FN:16,(anonymous_1)
FN:42,(anonymous_2)
FN:74,(anonymous_3)
FNF:4
FNH:4
FNDA:3,(anonymous_0)
FNDA:4,(anonymous_1)
FNDA:8,(anonymous_2)
FNDA:4,(anonymous_3)
DA:1,2
DA:2,2
DA:3,2
DA:4,2
DA:5,2
DA:6,2
DA:7,2
DA:8,2
DA:10,2
DA:11,3
DA:12,2
DA:13,2
DA:16,2
DA:17,4
DA:20,4
DA:21,4
DA:28,4
DA:30,4
DA:32,4
DA:33,4
DA:35,4
DA:36,4
DA:37,4
DA:38,4
DA:40,4
DA:42,4
DA:43,8
DA:44,8
DA:45,8
DA:46,8
DA:47,8
DA:48,8
DA:52,4
DA:54,4
DA:55,3
DA:58,3
DA:59,3
DA:62,3
DA:70,3
DA:71,3
DA:74,3
DA:75,4
DA:79,3
DA:80,3
DA:81,3
DA:82,3
DA:83,2
DA:84,2
DA:85,1
DA:86,1
DA:91,3
DA:109,3
DA:110,1
DA:111,1
DA:112,1
DA:114,1
DA:129,1
DA:130,1
DA:132,2
DA:133,1
DA:134,1
DA:135,1
DA:141,1
DA:144,1
DA:145,1
DA:150,1
DA:154,3
DA:155,0
DA:160,4
DA:163,4
DA:165,4
DA:166,3
DA:167,3
DA:168,3
DA:187,3
DA:190,3
DA:191,0
DA:196,4
DA:199,4
DA:200,4
DA:201,4
DA:202,4
DA:203,4
DA:204,4
DA:205,4
DA:207,4
DA:208,4
DA:210,4
DA:217,0
DA:218,0
DA:219,0
DA:220,0
DA:223,0
DA:224,0
DA:226,0
DA:230,2
LF:96
LH:87
BRDA:11,0,0,1
BRDA:11,0,1,2
BRDA:12,1,0,0
BRDA:12,1,1,2
BRDA:43,2,0,5
BRDA:43,2,1,3
BRDA:44,3,0,3
BRDA:44,3,1,5
BRDA:45,4,0,3
BRDA:45,4,1,5
BRDA:75,5,0,4
BRDA:75,5,1,4
BRDA:81,6,0,3
BRDA:81,6,1,0
BRDA:82,7,0,2
BRDA:82,7,1,1
BRDA:85,8,0,1
BRDA:85,8,1,0
BRDA:109,9,0,1
BRDA:109,9,1,2
BRDA:132,10,0,1
BRDA:132,10,1,1
BRDA:154,11,0,0
BRDA:154,11,1,3
BRDA:166,12,0,3
BRDA:166,12,1,0
BRDA:190,13,0,0
BRDA:190,13,1,3
BRF:28
BRH:22
end_of_record
TN:
SF:src\services\report.service.js
FN:7,(anonymous_0)
FN:40,(anonymous_1)
FN:79,(anonymous_2)
FNF:3
FNH:0
FNDA:0,(anonymous_0)
FNDA:0,(anonymous_1)
FNDA:0,(anonymous_2)
DA:1,1
DA:2,1
DA:7,1
DA:8,0
DA:10,0
DA:11,0
DA:14,0
DA:16,0
DA:21,0
DA:22,0
DA:25,0
DA:26,0
DA:28,0
DA:40,1
DA:41,0
DA:72,0
DA:73,0
DA:79,1
DA:80,0
DA:85,0
DA:91,0
DA:93,0
DA:102,1
LF:23
LH:6
BRDA:10,0,0,0
BRDA:10,0,1,0
BRDA:11,1,0,0
BRDA:11,1,1,0
BRDA:14,2,0,0
BRDA:14,2,1,0
BRDA:21,3,0,0
BRDA:21,3,1,0
BRDA:32,4,0,0
BRDA:32,4,1,0
BRDA:73,5,0,0
BRDA:73,5,1,0
BRF:12
BRH:0
end_of_record
TN:
SF:src\utils\aliasMapper.js
FN:4,(anonymous_0)
FN:20,(anonymous_1)
FNF:2
FNH:2
FNDA:8,(anonymous_0)
FNDA:12,(anonymous_1)
DA:4,2
DA:5,8
DA:6,6
DA:7,6
DA:14,6
DA:20,2
DA:21,12
DA:22,10
DA:24,10
DA:25,7
DA:26,4
DA:27,3
DA:28,3
DA:30,1
DA:33,2
LF:15
LH:15
BRDA:5,0,0,2
BRDA:5,0,1,6
BRDA:14,1,0,6
BRDA:14,1,1,2
BRDA:21,2,0,2
BRDA:21,2,1,10
BRDA:24,3,0,3
BRDA:24,3,1,7
BRDA:25,4,0,3
BRDA:25,4,1,4
BRDA:26,5,0,1
BRDA:26,5,1,3
BRDA:27,6,0,0
BRDA:27,6,1,3
BRDA:28,7,0,2
BRDA:28,7,1,1
BRF:16
BRH:15
end_of_record
TN:
SF:src\utils\apiError.js
FN:2,(anonymous_0)
FNF:1
FNH:1
FNDA:1,(anonymous_0)
DA:3,1
DA:4,1
DA:5,1
DA:6,1
DA:7,0
DA:9,1
DA:14,1
LF:7
LH:6
BRDA:2,0,0,1
BRDA:2,1,0,1
BRDA:6,2,0,0
BRDA:6,2,1,1
BRF:4
BRH:3
end_of_record
TN:
SF:src\utils\apiResponse.js
FN:4,(anonymous_0)
FNF:1
FNH:1
FNDA:1,(anonymous_0)
DA:4,1
DA:5,1
DA:12,1
LF:3
LH:3
BRDA:4,0,0,0
BRF:1
BRH:0
end_of_record
TN:
SF:src\utils\asyncHandler.js
FN:4,(anonymous_0)
FN:4,(anonymous_1)
FN:5,(anonymous_2)
FNF:3
FNH:3
FNDA:8,(anonymous_0)
FNDA:2,(anonymous_1)
FNDA:1,(anonymous_2)
DA:4,8
DA:5,2
DA:8,1
LF:3
LH:3
BRF:0
BRH:0
end_of_record
TN:
SF:src\utils\csvExporter.js
FN:9,(anonymous_0)
FN:15,(anonymous_1)
FN:19,(anonymous_2)
FN:20,(anonymous_3)
FNF:4
FNH:0
FNDA:0,(anonymous_0)
FNDA:0,(anonymous_1)
FNDA:0,(anonymous_2)
FNDA:0,(anonymous_3)
DA:1,1
DA:2,1
DA:9,1
DA:10,0
DA:11,0
DA:15,0
DA:18,0
DA:19,0
DA:20,0
DA:23,0
DA:24,0
DA:26,0
DA:29,1
LF:13
LH:4
BRDA:10,0,0,0
BRDA:10,0,1,0
BRDA:10,1,0,0
BRDA:10,1,1,0
BRF:4
BRH:0
end_of_record
TN:
SF:src\utils\csvParser.js
FN:11,(anonymous_0)
FN:12,(anonymous_1)
FN:16,(anonymous_2)
FN:30,(anonymous_3)
FN:41,(anonymous_4)
FNF:5
FNH:0
FNDA:0,(anonymous_0)
FNDA:0,(anonymous_1)
FNDA:0,(anonymous_2)
FNDA:0,(anonymous_3)
FNDA:0,(anonymous_4)
DA:1,1
DA:2,1
DA:11,1
DA:12,0
DA:13,0
DA:14,0
DA:17,0
DA:18,0
DA:20,0
DA:21,0
DA:22,0
DA:23,0
DA:24,0
DA:26,0
DA:32,0
DA:33,0
DA:34,0
DA:36,0
DA:39,0
DA:42,0
DA:47,1
LF:21
LH:4
BRDA:11,0,0,0
BRDA:18,1,0,0
BRDA:18,1,1,0
BRDA:32,2,0,0
BRDA:32,2,1,0
BRF:5
BRH:0
end_of_record
TN:
SF:src\utils\logger.js
FN:4,(anonymous_0)
FN:17,(anonymous_1)
FNF:2
FNH:2
FNDA:8,(anonymous_0)
FNDA:8,(anonymous_1)
DA:1,2
DA:4,2
DA:5,8
DA:6,0
DA:8,8
DA:11,2
DA:17,8
DA:26,2
LF:8
LH:7
BRDA:5,0,0,0
BRDA:5,0,1,8
BRDA:12,1,0,0
BRDA:12,1,1,2
BRDA:15,2,0,0
BRDA:15,2,1,2
BRF:6
BRH:3
end_of_record
TN:
SF:src\utils\validator.js
FN:7,(anonymous_0)
FNF:1
FNH:0
FNDA:0,(anonymous_0)
DA:1,1
DA:7,1
DA:8,0
DA:10,0
DA:11,0
DA:14,0
DA:15,0
DA:19,0
DA:20,0
DA:23,0
DA:24,0
DA:25,0
DA:29,0
DA:30,0
DA:33,0
DA:34,0
DA:35,0
DA:38,0
DA:39,0
DA:42,0
DA:43,0
DA:44,0
DA:47,0
DA:61,1
LF:24
LH:3
BRDA:10,0,0,0
BRDA:10,0,1,0
BRDA:14,1,0,0
BRDA:14,1,1,0
BRDA:19,2,0,0
BRDA:19,2,1,0
BRDA:24,3,0,0
BRDA:24,3,1,0
BRDA:29,4,0,0
BRDA:29,4,1,0
BRDA:34,5,0,0
BRDA:34,5,1,0
BRDA:38,6,0,0
BRDA:38,6,1,0
BRDA:43,7,0,0
BRDA:43,7,1,0
BRDA:43,8,0,0
BRDA:43,8,1,0
BRF:18
BRH:0
end_of_record
TN:
SF:src\utils\matching\conflictAnalyzer.js
FN:6,(anonymous_0)
FN:25,(anonymous_1)
FN:29,(anonymous_2)
FNF:3
FNH:2
FNDA:0,(anonymous_0)
FNDA:1,(anonymous_1)
FNDA:2,(anonymous_2)
DA:1,2
DA:6,2
DA:7,0
DA:8,0
DA:11,0
DA:12,0
DA:15,0
DA:16,0
DA:19,0
DA:25,2
DA:26,1
DA:29,2
DA:33,2
LF:13
LH:6
BRDA:7,0,0,0
BRDA:7,0,1,0
BRDA:11,1,0,0
BRDA:11,1,1,0
BRDA:15,2,0,0
BRDA:15,2,1,0
BRF:6
BRH:0
end_of_record
TN:
SF:src\utils\matching\matchScorer.js
FN:5,(anonymous_0)
FNF:1
FNH:1
FNDA:6,(anonymous_0)
DA:5,3
DA:6,6
DA:7,6
DA:9,6
DA:10,6
DA:11,6
DA:14,6
DA:15,1
DA:16,1
DA:19,6
DA:20,6
DA:23,6
DA:24,1
DA:25,1
DA:26,1
DA:28,1
DA:29,1
DA:32,6
DA:35,3
LF:19
LH:19
BRDA:14,0,0,1
BRDA:14,0,1,5
BRDA:14,1,0,6
BRDA:14,1,1,1
BRDA:23,2,0,1
BRDA:23,2,1,5
BRDA:23,3,0,6
BRDA:23,3,1,1
BRF:8
BRH:8
end_of_record
TN:
SF:src\utils\matching\toleranceCalculator.js
FN:4,(anonymous_0)
FN:13,(anonymous_1)
FNF:2
FNH:2
FNDA:5,(anonymous_0)
FNDA:11,(anonymous_1)
DA:4,3
DA:5,5
DA:6,3
DA:7,3
DA:13,3
DA:14,11
DA:16,11
DA:17,11
DA:19,11
DA:20,6
DA:22,5
DA:23,5
DA:24,5
DA:26,5
DA:29,3
LF:15
LH:15
BRDA:5,0,0,2
BRDA:5,0,1,3
BRDA:5,1,0,5
BRDA:5,1,1,4
BRDA:14,2,0,0
BRDA:14,2,1,11
BRDA:14,3,0,11
BRDA:14,3,1,11
BRDA:19,4,0,5
BRDA:19,4,1,6
BRDA:20,5,0,1
BRDA:20,5,1,5
BRDA:20,6,0,6
BRDA:20,6,1,5
BRF:14
BRH:13
end_of_record
